#
# A fatal error has been detected by the Java Runtime Environment:
#
#  EXCEPTION_ACCESS_VIOLATION (0xc0000005) at pc=0x00007ffc38d5a8c7, pid=8528, tid=20120
#
# JRE version: Java(TM) SE Runtime Environment (12.0.2+10) (build 12.0.2+10)
# Java VM: Java HotSpot(TM) 64-Bit Server VM (12.0.2+10, mixed mode, sharing, tiered, compressed oops, g1 gc, windows-amd64)
# Problematic frame:
# V  [jvm.dll+0x53a8c7]
#
# No core dump will be written. Minidumps are not enabled by default on client versions of Windows
#
# If you would like to submit a bug report, please visit:
#   http://bugreport.java.com/bugreport/crash.jsp
#

---------------  S U M M A R Y ------------

Command Line: --add-opens=java.base/java.util=ALL-UNNAMED --add-opens=java.base/java.lang=ALL-UNNAMED --add-opens=java.base/java.lang.invoke=ALL-UNNAMED --add-opens=java.prefs/java.util.prefs=ALL-UNNAMED -Xmx1536m -Dfile.encoding=windows-1252 -Duser.country=US -Duser.language=en -Duser.variant org.gradle.launcher.daemon.bootstrap.GradleDaemon 5.1.1

Host: Intel(R) Core(TM) i3-8100 CPU @ 3.60GHz, 4 cores, 15G,  Windows 10 , 64 bit Build 18362 (10.0.18362.329)
Time: Wed Nov 20 23:41:31 2019 E. South America Standard Time elapsed time: 334 seconds (0d 0h 5m 34s)

---------------  T H R E A D  ---------------

Current thread (0x0000019451b61000):  JavaThread "C2 CompilerThread0" daemon [_thread_in_native, id=20120, stack(0x0000006a5fa00000,0x0000006a5fb00000)]


Current CompileTask:
C2: 334007 23393       4       org.gradle.api.internal.artifacts.transform.TransformCompletion::visit (30 bytes)

Stack: [0x0000006a5fa00000,0x0000006a5fb00000],  sp=0x0000006a5fafbd80,  free space=1007k
Native frames: (J=compiled Java code, j=interpreted, Vv=VM code, C=native code)
V  [jvm.dll+0x53a8c7]
V  [jvm.dll+0x53b2e0]
V  [jvm.dll+0x346402]
V  [jvm.dll+0x34579a]
V  [jvm.dll+0x21c205]
V  [jvm.dll+0x21b3da]
V  [jvm.dll+0x199a20]
V  [jvm.dll+0x22a744]
V  [jvm.dll+0x228d98]
V  [jvm.dll+0x7512a0]
V  [jvm.dll+0x74a2c8]
V  [jvm.dll+0x639b16]
C  [ucrtbase.dll+0x20e72]
C  [KERNEL32.DLL+0x17bd4]
C  [ntdll.dll+0x6ced1]


siginfo: EXCEPTION_ACCESS_VIOLATION (0xc0000005), reading address 0x000001d4568022b4


Register to memory mapping:

RIP=0x00007ffc38d5a8c7 jvm.dll
RAX=0x00000000000000aa is an unknown value
RBX=0x00000000000000aa is an unknown value
RCX=0x000000000000000a is an unknown value
RDX=0x000001d4568022a0 is an unknown value
RSP=0x0000006a5fafbd80 is pointing into the stack for thread: 0x0000019451b61000
RBP=0x0000000000000400 is an unknown value
RSI=0x0000000000000005 is an unknown value
RDI=0x000001945f79ed70 points into unknown readable memory: 00 00 00 00 00 00 00 00
R8 =0x00000000000000aa is an unknown value
R9 =0x0000006a5fafbdb0 is pointing into the stack for thread: 0x0000019451b61000
R10=0x00007ffc392b77b0 jvm.dll
R11=0x00007ffc38820000 jvm.dll
R12=0x0000000000000001 is an unknown value
R13=0x000001946063dde0 points into unknown readable memory: 07 00 00 00 00 00 00 00
R14=0x0 is NULL
R15=0x000001945e188cb0 points into unknown readable memory: 10 00 00 00 00 00 00 00


Registers:
RAX=0x00000000000000aa, RBX=0x00000000000000aa, RCX=0x000000000000000a, RDX=0x000001d4568022a0
RSP=0x0000006a5fafbd80, RBP=0x0000000000000400, RSI=0x0000000000000005, RDI=0x000001945f79ed70
R8 =0x00000000000000aa, R9 =0x0000006a5fafbdb0, R10=0x00007ffc392b77b0, R11=0x00007ffc38820000
R12=0x0000000000000001, R13=0x000001946063dde0, R14=0x0000000000000000, R15=0x000001945e188cb0
RIP=0x00007ffc38d5a8c7, EFLAGS=0x0000000000010206

Top of Stack: (sp=0x0000006a5fafbd80)
0x0000006a5fafbd80:   000001945bb382e0 000001945bb382e0
0x0000006a5fafbd90:   0000000000000001 00007ffc38d5b540
0x0000006a5fafbda0:   000001946063dde0 0000000000000000
0x0000006a5fafbdb0:   000000af00000000 00007ffc00000006
0x0000006a5fafbdc0:   00000194523c0ec0 00007ffc00000001
0x0000006a5fafbdd0:   00000194523c21e0 0000000000000034
0x0000006a5fafbde0:   000001945bb382e0 0000000000000034
0x0000006a5fafbdf0:   0000000000000005 00000194573738e0
0x0000006a5fafbe00:   0000000000000001 000001945bb382e0
0x0000006a5fafbe10:   000001945bb37980 0000000000000003
0x0000006a5fafbe20:   0000006a5fafc1b0 00007ffc38d5b2e0
0x0000006a5fafbe30:   0000006a5fafc1b0 0000019455a0a488
0x0000006a5fafbe40:   00000194588d85d0 0000006a5fafbe80
0x0000006a5fafbe50:   0000000000000010 0000019451b588a0
0x0000006a5fafbe60:   00000194582b0060 00000194582b00b0
0x0000006a5fafbe70:   0000000000323408 00000194582b8048 

Instructions: (pc=0x00007ffc38d5a8c7)
0x00007ffc38d5a7c7:   24 20 48 8b 41 28 4a 8b 04 d8 48 89 44 24 28 48
0x00007ffc38d5a7d7:   85 c0 75 05 e8 10 0e 00 00 48 8b d3 48 8d 4c 24
0x00007ffc38d5a7e7:   30 48 8b f8 e8 90 4a e4 ff 4c 8b 6c 24 20 4c 8d
0x00007ffc38d5a7f7:   15 b4 cf 55 00 48 89 ac 24 88 00 00 00 41 bc 01
0x00007ffc38d5a807:   00 00 00 48 89 b4 24 80 00 00 00 4c 89 74 24 78
0x00007ffc38d5a817:   4c 8d 1d e2 57 ac ff 66 90 8b 54 24 30 85 d2 74
0x00007ffc38d5a827:   42 44 8b 4c 24 34 f6 c2 1f 75 0c c1 ea 05 41 83
0x00007ffc38d5a837:   c1 05 f6 c2 1f 74 f4 44 8b c2 41 83 e0 1f 43 0f
0x00007ffc38d5a847:   b6 8c 18 f8 62 8a 00 43 0f b6 9c 18 d8 62 8a 00
0x00007ffc38d5a857:   d3 ea 89 54 24 30 41 03 d9 42 8d 04 09 89 44 24
0x00007ffc38d5a867:   34 eb 13 48 8d 4c 24 30 e8 5c 4a e4 ff 8b d8 4c
0x00007ffc38d5a877:   8d 15 33 cf 55 00 85 db 0f 84 bb 00 00 00 8b cb
0x00007ffc38d5a887:   48 c1 e9 08 8b f3 4c 8d 34 cd 00 00 00 00 49 8b
0x00007ffc38d5a897:   4f 08 49 8b 14 0e 49 3b d2 75 14 8b d3 49 8b cf
0x00007ffc38d5a8a7:   e8 24 4c e4 ff 48 8b d0 4c 8d 15 fa ce 55 00 48
0x00007ffc38d5a8b7:   c1 ee 05 8b cb 83 e6 07 83 e1 1f 41 8b ec d3 e5
0x00007ffc38d5a8c7:   8b 0c b2 8b c1 0b c5 89 04 b2 23 cd 75 03 41 ff
0x00007ffc38d5a8d7:   07 4c 8d 1d 21 57 ac ff 85 c9 0f 85 39 ff ff ff
0x00007ffc38d5a8e7:   49 8b 45 08 4c 8d 1d 0e 57 ac ff 4a 8b 0c 30 85
0x00007ffc38d5a8f7:   2c b1 0f 85 21 ff ff ff 48 8b 47 08 49 8b 14 06
0x00007ffc38d5a907:   49 3b d2 75 14 8b d3 48 8b cf e8 ba 4b e4 ff 48
0x00007ffc38d5a917:   8b d0 4c 8d 15 90 ce 55 00 8b 0c b2 4c 8d 1d d6
0x00007ffc38d5a927:   56 ac ff 8b c1 0b c5 89 04 b2 85 cd 0f 85 e7 fe
0x00007ffc38d5a937:   ff ff ff 07 e9 d7 fe ff ff 83 3f 00 4c 8b 7c 24
0x00007ffc38d5a947:   70 4c 8b 74 24 78 48 8b b4 24 80 00 00 00 48 8b
0x00007ffc38d5a957:   ac 24 88 00 00 00 48 8b 9c 24 c0 00 00 00 4c 8b
0x00007ffc38d5a967:   ac 24 b0 00 00 00 74 62 4c 8b 84 24 b8 00 00 00
0x00007ffc38d5a977:   49 8b 45 28 41 8b 48 4c ff c9 48 83 7c 24 28 00
0x00007ffc38d5a987:   48 89 3c c8 75 53 41 8b 48 4c 8b c1 4c 8b 8c 24
0x00007ffc38d5a997:   c8 00 00 00 c1 e8 05 41 3b 41 10 73 3c 8b d0 83
0x00007ffc38d5a9a7:   e1 1f 49 8b 41 18 41 d3 e4 8b 04 90 41 23 c4 74
0x00007ffc38d5a9b7:   28 49 8b 4d 38 49 8b d0 e8 5c 3f be ff 48 81 c4 


Stack slot to memory mapping:
stack at sp + 0 slots: 0x000001945bb382e0 points into unknown readable memory: 12 00 00 00 00 00 00 00
stack at sp + 1 slots: 0x000001945bb382e0 points into unknown readable memory: 12 00 00 00 00 00 00 00
stack at sp + 2 slots: 0x0000000000000001 is an unknown value
stack at sp + 3 slots: 0x00007ffc38d5b540 jvm.dll
stack at sp + 4 slots: 0x000001946063dde0 points into unknown readable memory: 07 00 00 00 00 00 00 00
stack at sp + 5 slots: 0x0 is NULL
stack at sp + 6 slots: 0x000000af00000000 is an unknown value
stack at sp + 7 slots: 0x00007ffc00000006 is an unknown value


---------------  P R O C E S S  ---------------

Threads class SMR info:
_java_thread_list=0x00000194554fe370, length=44, elements={
0x0000019434109800, 0x0000019451340800, 0x0000019451344800, 0x0000019451b5f000,
0x0000019451b60000, 0x0000019451b61000, 0x0000019451b66000, 0x0000019451b78000,
0x0000019451cc9000, 0x0000019451cdd000, 0x0000019453319800, 0x0000019452d0e000,
0x0000019452623000, 0x0000019453b8d800, 0x0000019453b8e000, 0x0000019453b89800,
0x0000019453b8a000, 0x0000019453078000, 0x0000019453082000, 0x0000019455dd8000,
0x0000019455dd9800, 0x0000019455dda800, 0x0000019455de1000, 0x0000019455dd5800,
0x0000019455dd5000, 0x0000019455dd9000, 0x0000019455dd7800, 0x0000019455dd6800,
0x0000019455ddf800, 0x0000019455ddb800, 0x0000019455de2000, 0x0000019455de0800,
0x0000019455ddc000, 0x0000019455de2800, 0x0000019455de3800, 0x0000019455dde000,
0x0000019453075800, 0x0000019453077000, 0x000001945307c000, 0x00000194553e9800,
0x0000019453076800, 0x000001945307d800, 0x000001945307f800, 0x0000019453079800
}

Java Threads: ( => current thread )
  0x0000019434109800 JavaThread "main" [_thread_blocked, id=3432, stack(0x0000006a5ef00000,0x0000006a5f000000)]
  0x0000019451340800 JavaThread "Reference Handler" daemon [_thread_blocked, id=14992, stack(0x0000006a5f600000,0x0000006a5f700000)]
  0x0000019451344800 JavaThread "Finalizer" daemon [_thread_blocked, id=20304, stack(0x0000006a5f700000,0x0000006a5f800000)]
  0x0000019451b5f000 JavaThread "Signal Dispatcher" daemon [_thread_blocked, id=18252, stack(0x0000006a5f800000,0x0000006a5f900000)]
  0x0000019451b60000 JavaThread "Attach Listener" daemon [_thread_blocked, id=8172, stack(0x0000006a5f900000,0x0000006a5fa00000)]
=>0x0000019451b61000 JavaThread "C2 CompilerThread0" daemon [_thread_in_native, id=20120, stack(0x0000006a5fa00000,0x0000006a5fb00000)]
  0x0000019451b66000 JavaThread "C1 CompilerThread0" daemon [_thread_blocked, id=16844, stack(0x0000006a5fb00000,0x0000006a5fc00000)]
  0x0000019451b78000 JavaThread "Sweeper thread" daemon [_thread_blocked, id=17080, stack(0x0000006a5fc00000,0x0000006a5fd00000)]
  0x0000019451cc9000 JavaThread "Common-Cleaner" daemon [_thread_blocked, id=20108, stack(0x0000006a5fd00000,0x0000006a5fe00000)]
  0x0000019451cdd000 JavaThread "Service Thread" daemon [_thread_blocked, id=10956, stack(0x0000006a5fe00000,0x0000006a5ff00000)]
  0x0000019453319800 JavaThread "Daemon health stats" [_thread_blocked, id=2128, stack(0x0000006a60400000,0x0000006a60500000)]
  0x0000019452d0e000 JavaThread "Incoming local TCP Connector on port 61677" [_thread_in_native, id=15312, stack(0x0000006a60300000,0x0000006a60400000)]
  0x0000019452623000 JavaThread "Daemon periodic checks" [_thread_blocked, id=14352, stack(0x0000006a60500000,0x0000006a60600000)]
  0x0000019453b8d800 JavaThread "Cache worker for file hash cache (C:\Users\Davi-PC\.gradle\caches\5.1.1\fileHashes)" [_thread_blocked, id=5948, stack(0x0000006a60d00000,0x0000006a60e00000)]
  0x0000019453b8e000 JavaThread "File lock request listener" [_thread_in_native, id=17644, stack(0x0000006a60e00000,0x0000006a60f00000)]
  0x0000019453b89800 JavaThread "Cache worker for journal cache (C:\Users\Davi-PC\.gradle\caches\journal-1)" [_thread_blocked, id=20140, stack(0x0000006a60f00000,0x0000006a61000000)]
  0x0000019453b8a000 JavaThread "Cache worker for execution history cache (C:\Users\Davi-PC\.gradle\caches\5.1.1\executionHistory)" [_thread_blocked, id=3400, stack(0x0000006a61400000,0x0000006a61500000)]
  0x0000019453078000 JavaThread "Memory manager" [_thread_blocked, id=8100, stack(0x0000006a61b00000,0x0000006a61c00000)]
  0x0000019453082000 JavaThread "Cache worker for file content cache (C:\Users\Davi-PC\.gradle\caches\5.1.1\fileContent)" [_thread_blocked, id=10212, stack(0x0000006a61900000,0x0000006a61a00000)]
  0x0000019455dd8000 JavaThread "ForkJoinPool.commonPool-worker-3" daemon [_thread_blocked, id=20168, stack(0x0000006a62100000,0x0000006a62200000)]
  0x0000019455dd9800 JavaThread "ForkJoinPool.commonPool-worker-7" daemon [_thread_blocked, id=11560, stack(0x0000006a62300000,0x0000006a62400000)]
  0x0000019455dda800 JavaThread "Java2D Disposer" daemon [_thread_blocked, id=12836, stack(0x0000006a62600000,0x0000006a62700000)]
  0x0000019455de1000 JavaThread "Cache worker for Java compile cache (C:\Users\Davi-PC\.gradle\caches\5.1.1\javaCompile)" [_thread_blocked, id=17972, stack(0x0000006a62e00000,0x0000006a62f00000)]
  0x0000019455dd5800 JavaThread "Daemon Thread 3" [_thread_blocked, id=13888, stack(0x0000006a5ed00000,0x0000006a5ee00000)]
  0x0000019455dd5000 JavaThread "Handler for socket connection from /127.0.0.1:61677 to /127.0.0.1:61831" [_thread_in_native, id=19916, stack(0x0000006a5ee00000,0x0000006a5ef00000)]
  0x0000019455dd9000 JavaThread "Cancel handler" [_thread_blocked, id=14492, stack(0x0000006a60600000,0x0000006a60700000)]
  0x0000019455dd7800 JavaThread "Daemon worker Thread 3" [_thread_blocked, id=11536, stack(0x0000006a60800000,0x0000006a60900000)]
  0x0000019455dd6800 JavaThread "Asynchronous log dispatcher for DefaultDaemonConnection: socket connection from /127.0.0.1:61677 to /127.0.0.1:61831" [_thread_blocked, id=16500, stack(0x0000006a60900000,0x0000006a60a00000)]
  0x0000019455ddf800 JavaThread "Stdin handler" [_thread_blocked, id=19552, stack(0x0000006a60a00000,0x0000006a60b00000)]
  0x0000019455ddb800 JavaThread "Thread-53" [_thread_blocked, id=12500, stack(0x0000006a60b00000,0x0000006a60c00000)]
  0x0000019455de2000 JavaThread "Cache worker for file hash cache (D:\Faculdade\Estacio\2019.3\Programacao_de_Disposivos_Moveis\tic-tac-toe\.gradle\5.1.1\fileHashes)" [_thread_blocked, id=6452, stack(0x0000006a60c00000,0x0000006a60d00000)]
  0x0000019455de0800 JavaThread "Cache worker for cache directory md-supplier (C:\Users\Davi-PC\.gradle\caches\5.1.1\md-supplier)" [_thread_blocked, id=13172, stack(0x0000006a61000000,0x0000006a61100000)]
  0x0000019455ddc000 JavaThread "Cache worker for cache directory md-rule (C:\Users\Davi-PC\.gradle\caches\5.1.1\md-rule)" [_thread_blocked, id=3508, stack(0x0000006a61100000,0x0000006a61200000)]
  0x0000019455de2800 JavaThread "Build operations" [_thread_blocked, id=20100, stack(0x0000006a61200000,0x0000006a61300000)]
  0x0000019455de3800 JavaThread "Build operations Thread 2" [_thread_blocked, id=6684, stack(0x0000006a61300000,0x0000006a61400000)]
  0x0000019455dde000 JavaThread "Build operations Thread 3" [_thread_blocked, id=15800, stack(0x0000006a61500000,0x0000006a61600000)]
  0x0000019453075800 JavaThread "Build operations Thread 4" [_thread_blocked, id=20392, stack(0x0000006a61600000,0x0000006a61700000)]
  0x0000019453077000 JavaThread "pool-18-thread-1" [_thread_blocked, id=11940, stack(0x0000006a61700000,0x0000006a61800000)]
  0x000001945307c000 JavaThread "Cache worker for Build Output Cleanup Cache (D:\Faculdade\Estacio\2019.3\Programacao_de_Disposivos_Moveis\tic-tac-toe\.gradle\buildOutputCleanup)" [_thread_blocked, id=8716, stack(0x0000006a61800000,0x0000006a61900000)]
  0x00000194553e9800 JavaThread "C2 CompilerThread1" daemon [_thread_in_native, id=6660, stack(0x0000006a61a00000,0x0000006a61b00000)]
  0x0000019453076800 JavaThread "Execution worker for ':'" [_thread_blocked, id=12004, stack(0x0000006a61c00000,0x0000006a61d00000)]
  0x000001945307d800 JavaThread "Execution worker for ':' Thread 2" [_thread_in_native, id=20352, stack(0x0000006a61d00000,0x0000006a61e00000)]
  0x000001945307f800 JavaThread "Execution worker for ':' Thread 3" [_thread_blocked, id=13468, stack(0x0000006a61e00000,0x0000006a61f00000)]
  0x0000019453079800 JavaThread "Cache worker for execution history cache (D:\Faculdade\Estacio\2019.3\Programacao_de_Disposivos_Moveis\tic-tac-toe\.gradle\5.1.1\executionHistory)" [_thread_blocked, id=17372, stack(0x0000006a61f00000,0x0000006a62000000)]

Other Threads:
  0x0000019451339000 VMThread "VM Thread" [stack: 0x0000006a5f500000,0x0000006a5f600000] [id=10316]
  0x0000019451ce2000 WatcherThread [stack: 0x0000006a5ff00000,0x0000006a60000000] [id=2792]
  0x0000019434141000 GCTaskThread "GC Thread#0" [stack: 0x0000006a5f000000,0x0000006a5f100000] [id=11400]
  0x00000194528d8000 GCTaskThread "GC Thread#1" [stack: 0x0000006a60000000,0x0000006a60100000] [id=12584]
  0x0000019452464000 GCTaskThread "GC Thread#2" [stack: 0x0000006a60100000,0x0000006a60200000] [id=8960]
  0x0000019452465000 GCTaskThread "GC Thread#3" [stack: 0x0000006a60200000,0x0000006a60300000] [id=15148]
  0x000001943414c000 ConcurrentGCThread "G1 Main Marker" [stack: 0x0000006a5f100000,0x0000006a5f200000] [id=392]
  0x000001943414d800 ConcurrentGCThread "G1 Conc#0" [stack: 0x0000006a5f200000,0x0000006a5f300000] [id=12800]
  0x00000194341de800 ConcurrentGCThread "G1 Refine#0" [stack: 0x0000006a5f300000,0x0000006a5f400000] [id=6668]
  0x00000194511b5800 ConcurrentGCThread "G1 Young RemSet Sampling" [stack: 0x0000006a5f400000,0x0000006a5f500000] [id=5800]

Threads with active compile tasks:
C2 CompilerThread0  23393       4       org.gradle.api.internal.artifacts.transform.TransformCompletion::visit (30 bytes)
C2 CompilerThread1  23214   !   4       org.gradle.api.internal.AbstractClassGenerator::generateUnderLock (1144 bytes)

VM state:not at safepoint (normal execution)

VM Mutex/Monitor currently owned by a thread: None

Heap address: 0x00000000a0000000, size: 1536 MB, Compressed Oops mode: 32-bit
Narrow klass base: 0x0000000800000000, Narrow klass shift: 3
Compressed class space size: 1073741824 Address: 0x0000000801190000

Heap:
 garbage-first heap   total 194560K, used 93806K [0x00000000a0000000, 0x0000000100000000)
  region size 1024K, 8 young (8192K), 4 survivors (4096K)
 Metaspace       used 107536K, capacity 110702K, committed 111004K, reserved 1146880K
  class space    used 13025K, capacity 14012K, committed 14080K, reserved 1048576K
Heap Regions: E=young(eden), S=young(survivor), O=old, HS=humongous(starts), HC=humongous(continues), CS=collection set, F=free, A=archive, TAMS=top-at-mark-start (previous, next)
|   0|0x00000000a0000000, 0x00000000a0100000, 0x00000000a0100000|100%|HS|  |TAMS 0x00000000a0100000, 0x00000000a0000000| Complete 
|   1|0x00000000a0100000, 0x00000000a0200000, 0x00000000a0200000|100%|HS|  |TAMS 0x00000000a0200000, 0x00000000a0100000| Complete 
|   2|0x00000000a0200000, 0x00000000a0300000, 0x00000000a0300000|100%|HC|  |TAMS 0x00000000a0300000, 0x00000000a0200000| Complete 
|   3|0x00000000a0300000, 0x00000000a0400000, 0x00000000a0400000|100%| O|  |TAMS 0x00000000a0400000, 0x00000000a0300000| Untracked 
|   4|0x00000000a0400000, 0x00000000a0500000, 0x00000000a0500000|100%| O|  |TAMS 0x00000000a0500000, 0x00000000a0400000| Untracked 
|   5|0x00000000a0500000, 0x00000000a0600000, 0x00000000a0600000|100%| O|  |TAMS 0x00000000a0600000, 0x00000000a0500000| Untracked 
|   6|0x00000000a0600000, 0x00000000a0700000, 0x00000000a0700000|100%| O|  |TAMS 0x00000000a0700000, 0x00000000a0600000| Untracked 
|   7|0x00000000a0700000, 0x00000000a0800000, 0x00000000a0800000|100%| O|  |TAMS 0x00000000a0800000, 0x00000000a0700000| Untracked 
|   8|0x00000000a0800000, 0x00000000a0900000, 0x00000000a0900000|100%| O|  |TAMS 0x00000000a0900000, 0x00000000a0800000| Untracked 
|   9|0x00000000a0900000, 0x00000000a0a00000, 0x00000000a0a00000|100%| O|  |TAMS 0x00000000a0a00000, 0x00000000a0900000| Untracked 
|  10|0x00000000a0a00000, 0x00000000a0b00000, 0x00000000a0b00000|100%| O|  |TAMS 0x00000000a0b00000, 0x00000000a0a00000| Untracked 
|  11|0x00000000a0b00000, 0x00000000a0c00000, 0x00000000a0c00000|100%| O|  |TAMS 0x00000000a0c00000, 0x00000000a0b00000| Untracked 
|  12|0x00000000a0c00000, 0x00000000a0cec400, 0x00000000a0d00000| 92%| O|  |TAMS 0x00000000a0cec400, 0x00000000a0c00000| Complete 
|  13|0x00000000a0d00000, 0x00000000a0e00000, 0x00000000a0e00000|100%|HS|  |TAMS 0x00000000a0e00000, 0x00000000a0d00000| Complete 
|  14|0x00000000a0e00000, 0x00000000a0f00000, 0x00000000a0f00000|100%|HC|  |TAMS 0x00000000a0f00000, 0x00000000a0e00000| Complete 
|  15|0x00000000a0f00000, 0x00000000a1000000, 0x00000000a1000000|100%|HS|  |TAMS 0x00000000a1000000, 0x00000000a0f00000| Complete 
|  16|0x00000000a1000000, 0x00000000a1100000, 0x00000000a1100000|100%|HC|  |TAMS 0x00000000a1100000, 0x00000000a1000000| Complete 
|  17|0x00000000a1100000, 0x00000000a1200000, 0x00000000a1200000|100%|HC|  |TAMS 0x00000000a1200000, 0x00000000a1100000| Complete 
|  18|0x00000000a1200000, 0x00000000a1300000, 0x00000000a1300000|100%|HS|  |TAMS 0x00000000a1300000, 0x00000000a1200000| Complete 
|  19|0x00000000a1300000, 0x00000000a1400000, 0x00000000a1400000|100%|HC|  |TAMS 0x00000000a1400000, 0x00000000a1300000| Complete 
|  20|0x00000000a1400000, 0x00000000a1500000, 0x00000000a1500000|100%|HS|  |TAMS 0x00000000a1500000, 0x00000000a1400000| Complete 
|  21|0x00000000a1500000, 0x00000000a1600000, 0x00000000a1600000|100%|HC|  |TAMS 0x00000000a1600000, 0x00000000a1500000| Complete 
|  22|0x00000000a1600000, 0x00000000a1700000, 0x00000000a1700000|100%|HC|  |TAMS 0x00000000a1700000, 0x00000000a1600000| Complete 
|  23|0x00000000a1700000, 0x00000000a1800000, 0x00000000a1800000|100%| O|  |TAMS 0x00000000a1800000, 0x00000000a1700000| Complete 
|  24|0x00000000a1800000, 0x00000000a1900000, 0x00000000a1900000|100%| O|  |TAMS 0x00000000a1900000, 0x00000000a1800000| Untracked 
|  25|0x00000000a1900000, 0x00000000a1a00000, 0x00000000a1a00000|100%| O|  |TAMS 0x00000000a1a00000, 0x00000000a1900000| Untracked 
|  26|0x00000000a1a00000, 0x00000000a1b00000, 0x00000000a1b00000|100%| O|  |TAMS 0x00000000a1b00000, 0x00000000a1a00000| Untracked 
|  27|0x00000000a1b00000, 0x00000000a1c00000, 0x00000000a1c00000|100%| O|  |TAMS 0x00000000a1c00000, 0x00000000a1b00000| Untracked 
|  28|0x00000000a1c00000, 0x00000000a1d00000, 0x00000000a1d00000|100%| O|  |TAMS 0x00000000a1d00000, 0x00000000a1c00000| Complete 
|  29|0x00000000a1d00000, 0x00000000a1e00000, 0x00000000a1e00000|100%|HS|  |TAMS 0x00000000a1e00000, 0x00000000a1d00000| Complete 
|  30|0x00000000a1e00000, 0x00000000a1f00000, 0x00000000a1f00000|100%|HC|  |TAMS 0x00000000a1f00000, 0x00000000a1e00000| Complete 
|  31|0x00000000a1f00000, 0x00000000a2000000, 0x00000000a2000000|100%| O|  |TAMS 0x00000000a2000000, 0x00000000a1f00000| Untracked 
|  32|0x00000000a2000000, 0x00000000a2100000, 0x00000000a2100000|100%| O|  |TAMS 0x00000000a2100000, 0x00000000a2000000| Untracked 
|  33|0x00000000a2100000, 0x00000000a2200000, 0x00000000a2200000|100%| O|  |TAMS 0x00000000a2200000, 0x00000000a2100000| Untracked 
|  34|0x00000000a2200000, 0x00000000a2300000, 0x00000000a2300000|100%| O|  |TAMS 0x00000000a2300000, 0x00000000a2200000| Untracked 
|  35|0x00000000a2300000, 0x00000000a2400000, 0x00000000a2400000|100%| O|  |TAMS 0x00000000a2400000, 0x00000000a2300000| Untracked 
|  36|0x00000000a2400000, 0x00000000a2500000, 0x00000000a2500000|100%| O|  |TAMS 0x00000000a2500000, 0x00000000a2400000| Untracked 
|  37|0x00000000a2500000, 0x00000000a2600000, 0x00000000a2600000|100%| O|  |TAMS 0x00000000a2600000, 0x00000000a2500000| Untracked 
|  38|0x00000000a2600000, 0x00000000a2700000, 0x00000000a2700000|100%| O|  |TAMS 0x00000000a2700000, 0x00000000a2600000| Untracked 
|  39|0x00000000a2700000, 0x00000000a2800000, 0x00000000a2800000|100%| O|  |TAMS 0x00000000a2800000, 0x00000000a2700000| Complete 
|  40|0x00000000a2800000, 0x00000000a2900000, 0x00000000a2900000|100%| O|  |TAMS 0x00000000a2900000, 0x00000000a2800000| Untracked 
|  41|0x00000000a2900000, 0x00000000a2a00000, 0x00000000a2a00000|100%| O|  |TAMS 0x00000000a2a00000, 0x00000000a2900000| Untracked 
|  42|0x00000000a2a00000, 0x00000000a2b00000, 0x00000000a2b00000|100%| O|  |TAMS 0x00000000a2b00000, 0x00000000a2a00000| Untracked 
|  43|0x00000000a2b00000, 0x00000000a2c00000, 0x00000000a2c00000|100%| O|  |TAMS 0x00000000a2c00000, 0x00000000a2b00000| Untracked 
|  44|0x00000000a2c00000, 0x00000000a2d00000, 0x00000000a2d00000|100%| O|  |TAMS 0x00000000a2d00000, 0x00000000a2c00000| Untracked 
|  45|0x00000000a2d00000, 0x00000000a2e00000, 0x00000000a2e00000|100%| O|  |TAMS 0x00000000a2e00000, 0x00000000a2d00000| Complete 
|  46|0x00000000a2e00000, 0x00000000a2f00000, 0x00000000a2f00000|100%| O|  |TAMS 0x00000000a2f00000, 0x00000000a2e00000| Complete 
|  47|0x00000000a2f00000, 0x00000000a3000000, 0x00000000a3000000|100%| O|  |TAMS 0x00000000a3000000, 0x00000000a2f00000| Complete 
|  48|0x00000000a3000000, 0x00000000a3100000, 0x00000000a3100000|100%| O|  |TAMS 0x00000000a3100000, 0x00000000a3000000| Untracked 
|  49|0x00000000a3100000, 0x00000000a3200000, 0x00000000a3200000|100%| O|  |TAMS 0x00000000a3200000, 0x00000000a3100000| Complete 
|  50|0x00000000a3200000, 0x00000000a3300000, 0x00000000a3300000|100%| O|  |TAMS 0x00000000a3300000, 0x00000000a3200000| Untracked 
|  51|0x00000000a3300000, 0x00000000a3400000, 0x00000000a3400000|100%| O|  |TAMS 0x00000000a3400000, 0x00000000a3300000| Complete 
|  52|0x00000000a3400000, 0x00000000a3500000, 0x00000000a3500000|100%| O|  |TAMS 0x00000000a3500000, 0x00000000a3400000| Untracked 
|  53|0x00000000a3500000, 0x00000000a3600000, 0x00000000a3600000|100%| O|  |TAMS 0x00000000a3600000, 0x00000000a3500000| Complete 
|  54|0x00000000a3600000, 0x00000000a3700000, 0x00000000a3700000|100%| O|  |TAMS 0x00000000a3700000, 0x00000000a3600000| Complete 
|  55|0x00000000a3700000, 0x00000000a3800000, 0x00000000a3800000|100%| O|  |TAMS 0x00000000a3800000, 0x00000000a3700000| Complete 
|  56|0x00000000a3800000, 0x00000000a3900000, 0x00000000a3900000|100%| O|  |TAMS 0x00000000a3900000, 0x00000000a3800000| Complete 
|  57|0x00000000a3900000, 0x00000000a3a00000, 0x00000000a3a00000|100%| O|  |TAMS 0x00000000a3a00000, 0x00000000a3900000| Complete 
|  58|0x00000000a3a00000, 0x00000000a3b00000, 0x00000000a3b00000|100%| O|  |TAMS 0x00000000a3b00000, 0x00000000a3a00000| Complete 
|  59|0x00000000a3b00000, 0x00000000a3c00000, 0x00000000a3c00000|100%| O|  |TAMS 0x00000000a3c00000, 0x00000000a3b00000| Complete 
|  60|0x00000000a3c00000, 0x00000000a3d00000, 0x00000000a3d00000|100%| O|  |TAMS 0x00000000a3d00000, 0x00000000a3c00000| Complete 
|  61|0x00000000a3d00000, 0x00000000a3e00000, 0x00000000a3e00000|100%| O|  |TAMS 0x00000000a3e00000, 0x00000000a3d00000| Complete 
|  62|0x00000000a3e00000, 0x00000000a3f00000, 0x00000000a3f00000|100%| O|  |TAMS 0x00000000a3f00000, 0x00000000a3e00000| Complete 
|  63|0x00000000a3f00000, 0x00000000a4000000, 0x00000000a4000000|100%| O|  |TAMS 0x00000000a4000000, 0x00000000a3f00000| Complete 
|  64|0x00000000a4000000, 0x00000000a4100000, 0x00000000a4100000|100%| O|  |TAMS 0x00000000a4100000, 0x00000000a4000000| Untracked 
|  65|0x00000000a4100000, 0x00000000a4200000, 0x00000000a4200000|100%| O|  |TAMS 0x00000000a4200000, 0x00000000a4100000| Complete 
|  66|0x00000000a4200000, 0x00000000a4300000, 0x00000000a4300000|100%| O|  |TAMS 0x00000000a4300000, 0x00000000a4200000| Complete 
|  67|0x00000000a4300000, 0x00000000a4400000, 0x00000000a4400000|100%| O|  |TAMS 0x00000000a4400000, 0x00000000a4300000| Complete 
|  68|0x00000000a4400000, 0x00000000a4500000, 0x00000000a4500000|100%| O|  |TAMS 0x00000000a4500000, 0x00000000a4400000| Complete 
|  69|0x00000000a4500000, 0x00000000a4600000, 0x00000000a4600000|100%| O|  |TAMS 0x00000000a4600000, 0x00000000a4500000| Complete 
|  70|0x00000000a4600000, 0x00000000a4700000, 0x00000000a4700000|100%| O|  |TAMS 0x00000000a4700000, 0x00000000a4600000| Complete 
|  71|0x00000000a4700000, 0x00000000a47c1400, 0x00000000a4800000| 75%| O|  |TAMS 0x00000000a47c1400, 0x00000000a4700000| Untracked 
|  72|0x00000000a4800000, 0x00000000a4900000, 0x00000000a4900000|100%| O|  |TAMS 0x00000000a4900000, 0x00000000a4800000| Complete 
|  73|0x00000000a4900000, 0x00000000a4a00000, 0x00000000a4a00000|100%| O|  |TAMS 0x00000000a4a00000, 0x00000000a4900000| Complete 
|  74|0x00000000a4a00000, 0x00000000a4a00000, 0x00000000a4b00000|  0%| F|  |TAMS 0x00000000a4a00000, 0x00000000a4a00000| Untracked 
|  75|0x00000000a4b00000, 0x00000000a4c00000, 0x00000000a4c00000|100%| O|  |TAMS 0x00000000a4c00000, 0x00000000a4b00000| Complete 
|  76|0x00000000a4c00000, 0x00000000a4d00000, 0x00000000a4d00000|100%| O|  |TAMS 0x00000000a4d00000, 0x00000000a4c00000| Complete 
|  77|0x00000000a4d00000, 0x00000000a4e00000, 0x00000000a4e00000|100%| O|  |TAMS 0x00000000a4e00000, 0x00000000a4d00000| Complete 
|  78|0x00000000a4e00000, 0x00000000a4f00000, 0x00000000a4f00000|100%| O|  |TAMS 0x00000000a4f00000, 0x00000000a4e00000| Complete 
|  79|0x00000000a4f00000, 0x00000000a5000000, 0x00000000a5000000|100%| O|  |TAMS 0x00000000a5000000, 0x00000000a4f00000| Complete 
|  80|0x00000000a5000000, 0x00000000a5100000, 0x00000000a5100000|100%| O|  |TAMS 0x00000000a5100000, 0x00000000a5000000| Complete 
|  81|0x00000000a5100000, 0x00000000a5100000, 0x00000000a5200000|  0%| F|  |TAMS 0x00000000a5100000, 0x00000000a5100000| Untracked 
|  82|0x00000000a5200000, 0x00000000a5300000, 0x00000000a5300000|100%| O|  |TAMS 0x00000000a5300000, 0x00000000a5200000| Complete 
|  83|0x00000000a5300000, 0x00000000a5300000, 0x00000000a5400000|  0%| F|  |TAMS 0x00000000a5300000, 0x00000000a5300000| Untracked 
|  84|0x00000000a5400000, 0x00000000a5400000, 0x00000000a5500000|  0%| F|  |TAMS 0x00000000a5400000, 0x00000000a5400000| Untracked 
|  85|0x00000000a5500000, 0x00000000a5500000, 0x00000000a5600000|  0%| F|  |TAMS 0x00000000a5500000, 0x00000000a5500000| Untracked 
|  86|0x00000000a5600000, 0x00000000a5600000, 0x00000000a5700000|  0%| F|  |TAMS 0x00000000a5600000, 0x00000000a5600000| Untracked 
|  87|0x00000000a5700000, 0x00000000a5700000, 0x00000000a5800000|  0%| F|  |TAMS 0x00000000a5700000, 0x00000000a5700000| Untracked 
|  88|0x00000000a5800000, 0x00000000a5800000, 0x00000000a5900000|  0%| F|  |TAMS 0x00000000a5800000, 0x00000000a5800000| Untracked 
|  89|0x00000000a5900000, 0x00000000a5900000, 0x00000000a5a00000|  0%| F|  |TAMS 0x00000000a5900000, 0x00000000a5900000| Untracked 
|  90|0x00000000a5a00000, 0x00000000a5a00000, 0x00000000a5b00000|  0%| F|  |TAMS 0x00000000a5a00000, 0x00000000a5a00000| Untracked 
|  91|0x00000000a5b00000, 0x00000000a5b00000, 0x00000000a5c00000|  0%| F|  |TAMS 0x00000000a5b00000, 0x00000000a5b00000| Untracked 
|  92|0x00000000a5c00000, 0x00000000a5d00000, 0x00000000a5d00000|100%| O|  |TAMS 0x00000000a5d00000, 0x00000000a5c00000| Complete 
|  93|0x00000000a5d00000, 0x00000000a5d00000, 0x00000000a5e00000|  0%| F|  |TAMS 0x00000000a5d00000, 0x00000000a5d00000| Untracked 
|  94|0x00000000a5e00000, 0x00000000a5e00000, 0x00000000a5f00000|  0%| F|  |TAMS 0x00000000a5e00000, 0x00000000a5e00000| Untracked 
|  95|0x00000000a5f00000, 0x00000000a5f00000, 0x00000000a6000000|  0%| F|  |TAMS 0x00000000a5f00000, 0x00000000a5f00000| Untracked 
|  96|0x00000000a6000000, 0x00000000a6000000, 0x00000000a6100000|  0%| F|  |TAMS 0x00000000a6000000, 0x00000000a6000000| Untracked 
|  97|0x00000000a6100000, 0x00000000a6100000, 0x00000000a6200000|  0%| F|  |TAMS 0x00000000a6100000, 0x00000000a6100000| Untracked 
|  98|0x00000000a6200000, 0x00000000a6200000, 0x00000000a6300000|  0%| F|  |TAMS 0x00000000a6200000, 0x00000000a6200000| Untracked 
|  99|0x00000000a6300000, 0x00000000a6300000, 0x00000000a6400000|  0%| F|  |TAMS 0x00000000a6300000, 0x00000000a6300000| Untracked 
| 100|0x00000000a6400000, 0x00000000a6400000, 0x00000000a6500000|  0%| F|  |TAMS 0x00000000a6400000, 0x00000000a6400000| Untracked 
| 101|0x00000000a6500000, 0x00000000a6500000, 0x00000000a6600000|  0%| F|  |TAMS 0x00000000a6500000, 0x00000000a6500000| Untracked 
| 102|0x00000000a6600000, 0x00000000a6600000, 0x00000000a6700000|  0%| F|  |TAMS 0x00000000a6600000, 0x00000000a6600000| Untracked 
| 103|0x00000000a6700000, 0x00000000a6700000, 0x00000000a6800000|  0%| F|  |TAMS 0x00000000a6700000, 0x00000000a6700000| Untracked 
| 104|0x00000000a6800000, 0x00000000a6800000, 0x00000000a6900000|  0%| F|  |TAMS 0x00000000a6800000, 0x00000000a6800000| Untracked 
| 105|0x00000000a6900000, 0x00000000a6900000, 0x00000000a6a00000|  0%| F|  |TAMS 0x00000000a6900000, 0x00000000a6900000| Untracked 
| 106|0x00000000a6a00000, 0x00000000a6a00000, 0x00000000a6b00000|  0%| F|  |TAMS 0x00000000a6a00000, 0x00000000a6a00000| Untracked 
| 107|0x00000000a6b00000, 0x00000000a6b00000, 0x00000000a6c00000|  0%| F|  |TAMS 0x00000000a6b00000, 0x00000000a6b00000| Untracked 
| 108|0x00000000a6c00000, 0x00000000a6c00000, 0x00000000a6d00000|  0%| F|  |TAMS 0x00000000a6c00000, 0x00000000a6c00000| Untracked 
| 109|0x00000000a6d00000, 0x00000000a6d00000, 0x00000000a6e00000|  0%| F|  |TAMS 0x00000000a6d00000, 0x00000000a6d00000| Untracked 
| 110|0x00000000a6e00000, 0x00000000a6e00000, 0x00000000a6f00000|  0%| F|  |TAMS 0x00000000a6e00000, 0x00000000a6e00000| Untracked 
| 111|0x00000000a6f00000, 0x00000000a6f00000, 0x00000000a7000000|  0%| F|  |TAMS 0x00000000a6f00000, 0x00000000a6f00000| Untracked 
| 112|0x00000000a7000000, 0x00000000a7000000, 0x00000000a7100000|  0%| F|  |TAMS 0x00000000a7000000, 0x00000000a7000000| Untracked 
| 113|0x00000000a7100000, 0x00000000a7200000, 0x00000000a7200000|100%| O|  |TAMS 0x00000000a7200000, 0x00000000a7100000| Complete 
| 114|0x00000000a7200000, 0x00000000a7300000, 0x00000000a7300000|100%| O|  |TAMS 0x00000000a7300000, 0x00000000a7200000| Complete 
| 115|0x00000000a7300000, 0x00000000a7300000, 0x00000000a7400000|  0%| F|  |TAMS 0x00000000a7300000, 0x00000000a7300000| Untracked 
| 116|0x00000000a7400000, 0x00000000a7400000, 0x00000000a7500000|  0%| F|  |TAMS 0x00000000a7400000, 0x00000000a7400000| Untracked 
| 117|0x00000000a7500000, 0x00000000a7500000, 0x00000000a7600000|  0%| F|  |TAMS 0x00000000a7500000, 0x00000000a7500000| Untracked 
| 118|0x00000000a7600000, 0x00000000a7600000, 0x00000000a7700000|  0%| F|  |TAMS 0x00000000a7600000, 0x00000000a7600000| Untracked 
| 119|0x00000000a7700000, 0x00000000a7700000, 0x00000000a7800000|  0%| F|  |TAMS 0x00000000a7700000, 0x00000000a7700000| Untracked 
| 120|0x00000000a7800000, 0x00000000a7900000, 0x00000000a7900000|100%| O|  |TAMS 0x00000000a7900000, 0x00000000a7800000| Complete 
| 121|0x00000000a7900000, 0x00000000a7900000, 0x00000000a7a00000|  0%| F|  |TAMS 0x00000000a7900000, 0x00000000a7900000| Untracked 
| 122|0x00000000a7a00000, 0x00000000a7a00000, 0x00000000a7b00000|  0%| F|  |TAMS 0x00000000a7a00000, 0x00000000a7a00000| Untracked 
| 123|0x00000000a7b00000, 0x00000000a7b00000, 0x00000000a7c00000|  0%| F|  |TAMS 0x00000000a7b00000, 0x00000000a7b00000| Untracked 
| 124|0x00000000a7c00000, 0x00000000a7c00000, 0x00000000a7d00000|  0%| F|  |TAMS 0x00000000a7c00000, 0x00000000a7c00000| Untracked 
| 125|0x00000000a7d00000, 0x00000000a7d00000, 0x00000000a7e00000|  0%| F|  |TAMS 0x00000000a7d00000, 0x00000000a7d00000| Untracked 
| 126|0x00000000a7e00000, 0x00000000a7e00000, 0x00000000a7f00000|  0%| F|  |TAMS 0x00000000a7e00000, 0x00000000a7e00000| Untracked 
| 127|0x00000000a7f00000, 0x00000000a7f00000, 0x00000000a8000000|  0%| F|  |TAMS 0x00000000a7f00000, 0x00000000a7f00000| Untracked 
| 128|0x00000000a8000000, 0x00000000a8000000, 0x00000000a8100000|  0%| F|  |TAMS 0x00000000a8000000, 0x00000000a8000000| Untracked 
| 129|0x00000000a8100000, 0x00000000a8100000, 0x00000000a8200000|  0%| F|  |TAMS 0x00000000a8100000, 0x00000000a8100000| Untracked 
| 130|0x00000000a8200000, 0x00000000a8300000, 0x00000000a8300000|100%| O|  |TAMS 0x00000000a8300000, 0x00000000a8200000| Complete 
| 131|0x00000000a8300000, 0x00000000a8300000, 0x00000000a8400000|  0%| F|  |TAMS 0x00000000a8300000, 0x00000000a8300000| Untracked 
| 132|0x00000000a8400000, 0x00000000a8400000, 0x00000000a8500000|  0%| F|  |TAMS 0x00000000a8400000, 0x00000000a8400000| Untracked 
| 133|0x00000000a8500000, 0x00000000a8500000, 0x00000000a8600000|  0%| F|  |TAMS 0x00000000a8500000, 0x00000000a8500000| Untracked 
| 134|0x00000000a8600000, 0x00000000a86ee118, 0x00000000a8700000| 92%| S|CS|TAMS 0x00000000a8600000, 0x00000000a8600000| Complete 
| 135|0x00000000a8700000, 0x00000000a8800000, 0x00000000a8800000|100%| S|CS|TAMS 0x00000000a8700000, 0x00000000a8700000| Complete 
| 136|0x00000000a8800000, 0x00000000a8900000, 0x00000000a8900000|100%| S|CS|TAMS 0x00000000a8800000, 0x00000000a8800000| Complete 
| 137|0x00000000a8900000, 0x00000000a8a00000, 0x00000000a8a00000|100%| S|CS|TAMS 0x00000000a8900000, 0x00000000a8900000| Complete 
| 138|0x00000000a8a00000, 0x00000000a8a00000, 0x00000000a8b00000|  0%| F|  |TAMS 0x00000000a8a00000, 0x00000000a8a00000| Untracked 
| 139|0x00000000a8b00000, 0x00000000a8b00000, 0x00000000a8c00000|  0%| F|  |TAMS 0x00000000a8b00000, 0x00000000a8b00000| Untracked 
| 140|0x00000000a8c00000, 0x00000000a8c00000, 0x00000000a8d00000|  0%| F|  |TAMS 0x00000000a8c00000, 0x00000000a8c00000| Untracked 
| 141|0x00000000a8d00000, 0x00000000a8d00000, 0x00000000a8e00000|  0%| F|  |TAMS 0x00000000a8d00000, 0x00000000a8d00000| Untracked 
| 142|0x00000000a8e00000, 0x00000000a8e00000, 0x00000000a8f00000|  0%| F|  |TAMS 0x00000000a8e00000, 0x00000000a8e00000| Untracked 
| 143|0x00000000a8f00000, 0x00000000a8f00000, 0x00000000a9000000|  0%| F|  |TAMS 0x00000000a8f00000, 0x00000000a8f00000| Untracked 
| 144|0x00000000a9000000, 0x00000000a9000000, 0x00000000a9100000|  0%| F|  |TAMS 0x00000000a9000000, 0x00000000a9000000| Untracked 
| 145|0x00000000a9100000, 0x00000000a9100000, 0x00000000a9200000|  0%| F|  |TAMS 0x00000000a9100000, 0x00000000a9100000| Untracked 
| 146|0x00000000a9200000, 0x00000000a9200000, 0x00000000a9300000|  0%| F|  |TAMS 0x00000000a9200000, 0x00000000a9200000| Untracked 
| 147|0x00000000a9300000, 0x00000000a9300000, 0x00000000a9400000|  0%| F|  |TAMS 0x00000000a9300000, 0x00000000a9300000| Untracked 
| 148|0x00000000a9400000, 0x00000000a9400000, 0x00000000a9500000|  0%| F|  |TAMS 0x00000000a9400000, 0x00000000a9400000| Untracked 
| 149|0x00000000a9500000, 0x00000000a9500000, 0x00000000a9600000|  0%| F|  |TAMS 0x00000000a9500000, 0x00000000a9500000| Untracked 
| 150|0x00000000a9600000, 0x00000000a9600000, 0x00000000a9700000|  0%| F|  |TAMS 0x00000000a9600000, 0x00000000a9600000| Untracked 
| 151|0x00000000a9700000, 0x00000000a9700000, 0x00000000a9800000|  0%| F|  |TAMS 0x00000000a9700000, 0x00000000a9700000| Untracked 
| 152|0x00000000a9800000, 0x00000000a9800000, 0x00000000a9900000|  0%| F|  |TAMS 0x00000000a9800000, 0x00000000a9800000| Untracked 
| 153|0x00000000a9900000, 0x00000000a9900000, 0x00000000a9a00000|  0%| F|  |TAMS 0x00000000a9900000, 0x00000000a9900000| Untracked 
| 154|0x00000000a9a00000, 0x00000000a9a00000, 0x00000000a9b00000|  0%| F|  |TAMS 0x00000000a9a00000, 0x00000000a9a00000| Untracked 
| 155|0x00000000a9b00000, 0x00000000a9b00000, 0x00000000a9c00000|  0%| F|  |TAMS 0x00000000a9b00000, 0x00000000a9b00000| Untracked 
| 156|0x00000000a9c00000, 0x00000000a9c00000, 0x00000000a9d00000|  0%| F|  |TAMS 0x00000000a9c00000, 0x00000000a9c00000| Untracked 
| 157|0x00000000a9d00000, 0x00000000a9d00000, 0x00000000a9e00000|  0%| F|  |TAMS 0x00000000a9d00000, 0x00000000a9d00000| Untracked 
| 158|0x00000000a9e00000, 0x00000000a9e00000, 0x00000000a9f00000|  0%| F|  |TAMS 0x00000000a9e00000, 0x00000000a9e00000| Untracked 
| 159|0x00000000a9f00000, 0x00000000a9f00000, 0x00000000aa000000|  0%| F|  |TAMS 0x00000000a9f00000, 0x00000000a9f00000| Untracked 
| 160|0x00000000aa000000, 0x00000000aa000000, 0x00000000aa100000|  0%| F|  |TAMS 0x00000000aa000000, 0x00000000aa000000| Untracked 
| 161|0x00000000aa100000, 0x00000000aa100000, 0x00000000aa200000|  0%| F|  |TAMS 0x00000000aa100000, 0x00000000aa100000| Untracked 
| 162|0x00000000aa200000, 0x00000000aa200000, 0x00000000aa300000|  0%| F|  |TAMS 0x00000000aa200000, 0x00000000aa200000| Untracked 
| 163|0x00000000aa300000, 0x00000000aa300000, 0x00000000aa400000|  0%| F|  |TAMS 0x00000000aa300000, 0x00000000aa300000| Untracked 
| 164|0x00000000aa400000, 0x00000000aa400000, 0x00000000aa500000|  0%| F|  |TAMS 0x00000000aa400000, 0x00000000aa400000| Untracked 
| 165|0x00000000aa500000, 0x00000000aa500000, 0x00000000aa600000|  0%| F|  |TAMS 0x00000000aa500000, 0x00000000aa500000| Untracked 
| 166|0x00000000aa600000, 0x00000000aa600000, 0x00000000aa700000|  0%| F|  |TAMS 0x00000000aa600000, 0x00000000aa600000| Untracked 
| 167|0x00000000aa700000, 0x00000000aa700000, 0x00000000aa800000|  0%| F|  |TAMS 0x00000000aa700000, 0x00000000aa700000| Untracked 
| 168|0x00000000aa800000, 0x00000000aa800000, 0x00000000aa900000|  0%| F|  |TAMS 0x00000000aa800000, 0x00000000aa800000| Untracked 
| 169|0x00000000aa900000, 0x00000000aa900000, 0x00000000aaa00000|  0%| F|  |TAMS 0x00000000aa900000, 0x00000000aa900000| Untracked 
| 170|0x00000000aaa00000, 0x00000000aaa00000, 0x00000000aab00000|  0%| F|  |TAMS 0x00000000aaa00000, 0x00000000aaa00000| Untracked 
| 171|0x00000000aab00000, 0x00000000aab00000, 0x00000000aac00000|  0%| F|  |TAMS 0x00000000aab00000, 0x00000000aab00000| Untracked 
| 172|0x00000000aac00000, 0x00000000aac00000, 0x00000000aad00000|  0%| F|  |TAMS 0x00000000aac00000, 0x00000000aac00000| Untracked 
| 173|0x00000000aad00000, 0x00000000aad00000, 0x00000000aae00000|  0%| F|  |TAMS 0x00000000aad00000, 0x00000000aad00000| Untracked 
| 174|0x00000000aae00000, 0x00000000aae00000, 0x00000000aaf00000|  0%| F|  |TAMS 0x00000000aae00000, 0x00000000aae00000| Untracked 
| 175|0x00000000aaf00000, 0x00000000aaf00000, 0x00000000ab000000|  0%| F|  |TAMS 0x00000000aaf00000, 0x00000000aaf00000| Untracked 
| 176|0x00000000ab000000, 0x00000000ab000000, 0x00000000ab100000|  0%| F|  |TAMS 0x00000000ab000000, 0x00000000ab000000| Untracked 
| 177|0x00000000ab100000, 0x00000000ab100000, 0x00000000ab200000|  0%| F|  |TAMS 0x00000000ab100000, 0x00000000ab100000| Untracked 
| 178|0x00000000ab200000, 0x00000000ab200000, 0x00000000ab300000|  0%| F|  |TAMS 0x00000000ab200000, 0x00000000ab200000| Untracked 
| 179|0x00000000ab300000, 0x00000000ab300000, 0x00000000ab400000|  0%| F|  |TAMS 0x00000000ab300000, 0x00000000ab300000| Untracked 
| 180|0x00000000ab400000, 0x00000000ab400000, 0x00000000ab500000|  0%| F|  |TAMS 0x00000000ab400000, 0x00000000ab400000| Untracked 
| 181|0x00000000ab500000, 0x00000000ab500000, 0x00000000ab600000|  0%| F|  |TAMS 0x00000000ab500000, 0x00000000ab500000| Untracked 
| 182|0x00000000ab600000, 0x00000000ab600000, 0x00000000ab700000|  0%| F|  |TAMS 0x00000000ab600000, 0x00000000ab600000| Untracked 
| 220|0x00000000adc00000, 0x00000000adc00000, 0x00000000add00000|  0%| F|  |TAMS 0x00000000adc00000, 0x00000000adc00000| Untracked 
| 221|0x00000000add00000, 0x00000000add00000, 0x00000000ade00000|  0%| F|  |TAMS 0x00000000add00000, 0x00000000add00000| Untracked 
| 222|0x00000000ade00000, 0x00000000ade00000, 0x00000000adf00000|  0%| F|  |TAMS 0x00000000ade00000, 0x00000000ade00000| Untracked 
| 223|0x00000000adf00000, 0x00000000adf49f88, 0x00000000ae000000| 28%| E|  |TAMS 0x00000000adf00000, 0x00000000adf00000| Complete 
| 224|0x00000000ae000000, 0x00000000ae100000, 0x00000000ae100000|100%| E|CS|TAMS 0x00000000ae000000, 0x00000000ae000000| Complete 
| 225|0x00000000ae100000, 0x00000000ae200000, 0x00000000ae200000|100%| E|  |TAMS 0x00000000ae100000, 0x00000000ae100000| Complete 
| 255|0x00000000aff00000, 0x00000000b0000000, 0x00000000b0000000|100%| E|CS|TAMS 0x00000000aff00000, 0x00000000aff00000| Complete 

Card table byte_map: [0x000001944b810000,0x000001944bb10000] _byte_map_base: 0x000001944b310000

Marking Bits (Prev, Next): (CMBitMap*) 0x0000019434142218, (CMBitMap*) 0x0000019434142258
 Prev Bits: [0x000001944be10000, 0x000001944d610000)
 Next Bits: [0x000001944d610000, 0x000001944ee10000)

Polling page: 0x00000194320c0000

Metaspace:

Usage:
  Non-class:     94.42 MB capacity,    92.30 MB ( 98%) used,     1.84 MB (  2%) free+waste,   300.00 KB ( <1%) overhead. 
      Class:     13.68 MB capacity,    12.72 MB ( 93%) used,   857.91 KB (  6%) free+waste,   128.69 KB ( <1%) overhead. 
       Both:    108.11 MB capacity,   105.02 MB ( 97%) used,     2.67 MB (  2%) free+waste,   428.69 KB ( <1%) overhead. 

Virtual space:
  Non-class space:       96.00 MB reserved,      94.65 MB ( 99%) committed 
      Class space:        1.00 GB reserved,      13.75 MB (  1%) committed 
             Both:        1.09 GB reserved,     108.40 MB ( 10%) committed 

Chunk freelists:
   Non-Class:  5.25 KB
       Class:  512 bytes
        Both:  5.75 KB

CodeHeap 'non-profiled nmethods': size=120064Kb used=16549Kb max_used=16549Kb free=103514Kb
 bounds [0x0000019443fd0000, 0x0000019445000000, 0x000001944b510000]
CodeHeap 'profiled nmethods': size=120000Kb used=39711Kb max_used=39711Kb free=80288Kb
 bounds [0x000001943caa0000, 0x000001943f1c0000, 0x0000019443fd0000]
CodeHeap 'non-nmethods': size=5696Kb used=2424Kb max_used=2494Kb free=3271Kb
 bounds [0x000001943c510000, 0x000001943c790000, 0x000001943caa0000]
 total_blobs=31637 nmethods=18505 adapters=970
 compilation: enabled
              stopped_count=0, restarted_count=0
 full_count=0

Compilation events (10 events):
Event: 333.981 Thread 0x0000019451b66000 23441       3       org.gradle.api.internal.file.DefaultFileVisitDetails::<init> (34 bytes)
Event: 333.981 Thread 0x0000019451b66000 nmethod 23441 0x000001943f1b4b90 code [0x000001943f1b4d80, 0x000001943f1b5218]
Event: 333.981 Thread 0x0000019451b66000 23442       3       org.gradle.api.internal.file.DefaultFileTreeElement::<init> (22 bytes)
Event: 333.981 Thread 0x0000019451b66000 nmethod 23442 0x000001943f1b5390 code [0x000001943f1b5560, 0x000001943f1b5918]
Event: 333.984 Thread 0x0000019451b66000 23443       1       com.google.gson.stream.JsonReader::setLenient (6 bytes)
Event: 333.985 Thread 0x0000019451b66000 nmethod 23443 0x0000019444ffd290 code [0x0000019444ffd440, 0x0000019444ffd578]
Event: 333.986 Thread 0x0000019451b66000 23444       3       org.gradle.api.specs.AndSpec::<init> (6 bytes)
Event: 333.987 Thread 0x0000019451b66000 nmethod 23444 0x000001943ee1ec90 code [0x000001943ee1ee60, 0x000001943ee1f010]
Event: 333.987 Thread 0x0000019451b66000 23445       3       com.google.common.cache.LocalCache$2::iterator (7 bytes)
Event: 333.988 Thread 0x0000019451b66000 nmethod 23445 0x000001943f1b5a10 code [0x000001943f1b5c60, 0x000001943f1b6710]

GC Heap History (10 events):
Event: 215.839 GC heap before
{Heap before GC invocations=152 (full 0):
 garbage-first heap   total 194560K, used 107098K [0x00000000a0000000, 0x0000000100000000)
  region size 1024K, 4 young (4096K), 1 survivors (1024K)
 Metaspace       used 105222K, capacity 107976K, committed 108060K, reserved 1144832K
  class space    used 12763K, capacity 13634K, committed 13696K, reserved 1048576K
}
Event: 215.841 GC heap after
{Heap after GC invocations=153 (full 0):
 garbage-first heap   total 194560K, used 105182K [0x00000000a0000000, 0x0000000100000000)
  region size 1024K, 1 young (1024K), 1 survivors (1024K)
 Metaspace       used 105222K, capacity 107976K, committed 108060K, reserved 1144832K
  class space    used 12763K, capacity 13634K, committed 13696K, reserved 1048576K
}
Event: 332.030 GC heap before
{Heap before GC invocations=154 (full 0):
 garbage-first heap   total 194560K, used 138974K [0x00000000a0000000, 0x0000000100000000)
  region size 1024K, 35 young (35840K), 1 survivors (1024K)
 Metaspace       used 106549K, capacity 109730K, committed 109852K, reserved 1144832K
  class space    used 12949K, capacity 13891K, committed 13952K, reserved 1048576K
}
Event: 332.034 GC heap after
{Heap after GC invocations=155 (full 0):
 garbage-first heap   total 194560K, used 105312K [0x00000000a0000000, 0x0000000100000000)
  region size 1024K, 3 young (3072K), 3 survivors (3072K)
 Metaspace       used 106549K, capacity 109730K, committed 109852K, reserved 1144832K
  class space    used 12949K, capacity 13891K, committed 13952K, reserved 1048576K
}
Event: 332.080 GC heap before
{Heap before GC invocations=155 (full 0):
 garbage-first heap   total 194560K, used 110432K [0x00000000a0000000, 0x0000000100000000)
  region size 1024K, 9 young (9216K), 3 survivors (3072K)
 Metaspace       used 106566K, capacity 109730K, committed 109852K, reserved 1144832K
  class space    used 12949K, capacity 13891K, committed 13952K, reserved 1048576K
}
Event: 332.085 GC heap after
{Heap after GC invocations=156 (full 0):
 garbage-first heap   total 194560K, used 88171K [0x00000000a0000000, 0x0000000100000000)
  region size 1024K, 1 young (1024K), 1 survivors (1024K)
 Metaspace       used 106566K, capacity 109730K, committed 109852K, reserved 1144832K
  class space    used 12949K, capacity 13891K, committed 13952K, reserved 1048576K
}
Event: 332.833 GC heap before
{Heap before GC invocations=156 (full 0):
 garbage-first heap   total 194560K, used 134251K [0x00000000a0000000, 0x0000000100000000)
  region size 1024K, 47 young (48128K), 1 survivors (1024K)
 Metaspace       used 107304K, capacity 110527K, committed 110748K, reserved 1146880K
  class space    used 13009K, capacity 13980K, committed 14080K, reserved 1048576K
}
Event: 332.839 GC heap after
{Heap after GC invocations=157 (full 0):
 garbage-first heap   total 194560K, used 89900K [0x00000000a0000000, 0x0000000100000000)
  region size 1024K, 3 young (3072K), 3 survivors (3072K)
 Metaspace       used 107304K, capacity 110527K, committed 110748K, reserved 1146880K
  class space    used 13009K, capacity 13980K, committed 14080K, reserved 1048576K
}
Event: 333.864 GC heap before
{Heap before GC invocations=158 (full 0):
 garbage-first heap   total 194560K, used 139052K [0x00000000a0000000, 0x0000000100000000)
  region size 1024K, 52 young (53248K), 3 survivors (3072K)
 Metaspace       used 107514K, capacity 110638K, committed 110748K, reserved 1146880K
  class space    used 13024K, capacity 14012K, committed 14080K, reserved 1048576K
}
Event: 333.868 GC heap after
{Heap after GC invocations=159 (full 0):
 garbage-first heap   total 194560K, used 91758K [0x00000000a0000000, 0x0000000100000000)
  region size 1024K, 4 young (4096K), 4 survivors (4096K)
 Metaspace       used 107514K, capacity 110638K, committed 110748K, reserved 1146880K
  class space    used 13024K, capacity 14012K, committed 14080K, reserved 1048576K
}

Deoptimization events (10 events):
Event: 332.964 Thread 0x0000019455dd7800 Uncommon trap: reason=unstable_if action=reinterpret pc=0x00000194443bf9ac method=com.google.common.collect.MapMakerInternalMap$Segment.put(Ljava/lang/Object;ILjava/lang/Object;Z)Ljava/lang/Object; @ 92 c2
Event: 333.212 Thread 0x0000019455dd7800 Uncommon trap: reason=bimorphic_or_optimized_type_check action=maybe_recompile pc=0x000001944413fe58 method=java.util.regex.Pattern$CharProperty.match(Ljava/util/regex/Matcher;ILjava/lang/CharSequence;)Z @ 42 c2
Event: 333.212 Thread 0x0000019455dd7800 Uncommon trap: reason=bimorphic_or_optimized_type_check action=maybe_recompile pc=0x000001944413fe58 method=java.util.regex.Pattern$CharProperty.match(Ljava/util/regex/Matcher;ILjava/lang/CharSequence;)Z @ 42 c2
Event: 333.213 Thread 0x0000019455dd7800 Uncommon trap: reason=bimorphic_or_optimized_type_check action=maybe_recompile pc=0x000001944413fe58 method=java.util.regex.Pattern$CharProperty.match(Ljava/util/regex/Matcher;ILjava/lang/CharSequence;)Z @ 42 c2
Event: 333.213 Thread 0x0000019455dd7800 Uncommon trap: reason=bimorphic_or_optimized_type_check action=maybe_recompile pc=0x000001944413fe58 method=java.util.regex.Pattern$CharProperty.match(Ljava/util/regex/Matcher;ILjava/lang/CharSequence;)Z @ 42 c2
Event: 333.489 Thread 0x0000019455dd7800 Uncommon trap: reason=class_check action=maybe_recompile pc=0x00000194448896ac method=java.util.TreeMap$KeySet.iterator()Ljava/util/Iterator; @ 28 c2
Event: 333.489 Thread 0x0000019455dd7800 Uncommon trap: reason=class_check action=maybe_recompile pc=0x00000194448896ac method=java.util.TreeMap$KeySet.iterator()Ljava/util/Iterator; @ 28 c2
Event: 333.489 Thread 0x0000019455dd7800 Uncommon trap: reason=class_check action=maybe_recompile pc=0x0000019444afdcec method=java.util.TreeMap$KeySet.iterator()Ljava/util/Iterator; @ 28 c2
Event: 333.821 Thread 0x0000019453076800 Uncommon trap: reason=bimorphic_or_optimized_type_check action=maybe_recompile pc=0x0000019444568d84 method=java.util.Optional.map(Ljava/util/function/Function;)Ljava/util/Optional; @ 21 c2
Event: 333.982 Thread 0x000001945307d800 Uncommon trap: reason=bimorphic_or_optimized_type_check action=maybe_recompile pc=0x0000019444568d84 method=java.util.Optional.map(Ljava/util/function/Function;)Ljava/util/Optional; @ 21 c2

Classes redefined (0 events):
No events

Internal exceptions (10 events):
Event: 332.043 Thread 0x0000019455dd7800 Exception <a 'sun/nio/fs/WindowsException'{0x00000000affb08d8}> (0x00000000affb08d8) thrown at [t:/workspace/open/src/hotspot/share/prims/jni.cpp, line 615]
Event: 332.043 Thread 0x0000019455dd7800 Exception <a 'sun/nio/fs/WindowsException'{0x00000000affb0b40}> (0x00000000affb0b40) thrown at [t:/workspace/open/src/hotspot/share/prims/jni.cpp, line 615]
Event: 332.043 Thread 0x0000019455dd7800 Exception <a 'sun/nio/fs/WindowsException'{0x00000000affb2988}> (0x00000000affb2988) thrown at [t:/workspace/open/src/hotspot/share/prims/jni.cpp, line 615]
Event: 332.043 Thread 0x0000019455dd7800 Exception <a 'sun/nio/fs/WindowsException'{0x00000000affb2c18}> (0x00000000affb2c18) thrown at [t:/workspace/open/src/hotspot/share/prims/jni.cpp, line 615]
Event: 332.044 Thread 0x0000019455dd7800 Exception <a 'sun/nio/fs/WindowsException'{0x00000000affb5928}> (0x00000000affb5928) thrown at [t:/workspace/open/src/hotspot/share/prims/jni.cpp, line 615]
Event: 332.044 Thread 0x0000019455dd7800 Exception <a 'sun/nio/fs/WindowsException'{0x00000000affb5bd8}> (0x00000000affb5bd8) thrown at [t:/workspace/open/src/hotspot/share/prims/jni.cpp, line 615]
Event: 332.045 Thread 0x0000019455dd7800 Exception <a 'sun/nio/fs/WindowsException'{0x00000000affb7d10}> (0x00000000affb7d10) thrown at [t:/workspace/open/src/hotspot/share/prims/jni.cpp, line 615]
Event: 332.045 Thread 0x0000019455dd7800 Exception <a 'sun/nio/fs/WindowsException'{0x00000000affb7fe0}> (0x00000000affb7fe0) thrown at [t:/workspace/open/src/hotspot/share/prims/jni.cpp, line 615]
Event: 332.510 Thread 0x0000019455dd7800 Exception <a 'java/lang/ClassNotFoundException'{0x00000000aa1b20b8}: org/jetbrains/plugins/gradle/tooling/util/SourceSetCachedFinderBeanInfo> (0x00000000aa1b20b8) thrown at [t:/workspace/open/src/hotspot/share/classfile/systemDictionary.cpp, line 235]
Event: 332.511 Thread 0x0000019455dd7800 Exception <a 'java/lang/ClassNotFoundException'{0x00000000aa1be568}: org/jetbrains/plugins/gradle/tooling/util/SourceSetCachedFinderCustomizer> (0x00000000aa1be568) thrown at [t:/workspace/open/src/hotspot/share/classfile/systemDictionary.cpp, line 235]

Events (10 events):
Event: 333.977 Executing VM operation: RevokeBias done
Event: 333.981 Executing VM operation: RevokeBias
Event: 333.981 Executing VM operation: RevokeBias done
Event: 333.982 Executing VM operation: RevokeBias
Event: 333.982 Executing VM operation: RevokeBias done
Event: 333.982 Thread 0x000001945307d800 Uncommon trap: trap_request=0xffffffc6 fr.pc=0x0000019444568d84 relative=0x0000000000000224
Event: 333.982 Thread 0x000001945307d800 DEOPT PACKING pc=0x0000019444568d84 sp=0x0000006a61dfcb10
Event: 333.982 Thread 0x000001945307d800 DEOPT UNPACKING pc=0x000001943c539baf sp=0x0000006a61dfcab8 mode 2
Event: 333.982 loading class org/gradle/internal/change/CollectingChangeVisitor
Event: 333.982 loading class org/gradle/internal/change/CollectingChangeVisitor done


Dynamic libraries:
0x00007ff759930000 - 0x00007ff75993f000 	C:\Program Files\Java\jdk-12.0.2\bin\java.exe
0x00007ffc9dd60000 - 0x00007ffc9df50000 	C:\WINDOWS\SYSTEM32\ntdll.dll
0x00007ffc9bef0000 - 0x00007ffc9bfa2000 	C:\WINDOWS\System32\KERNEL32.DLL
0x00007ffc9b860000 - 0x00007ffc9bb03000 	C:\WINDOWS\System32\KERNELBASE.dll
0x00007ffc9bd10000 - 0x00007ffc9be0a000 	C:\WINDOWS\System32\ucrtbase.dll
0x00007ffc7cdb0000 - 0x00007ffc7cdc8000 	C:\Program Files\Java\jdk-12.0.2\bin\jli.dll
0x00007ffc9ca50000 - 0x00007ffc9caf3000 	C:\WINDOWS\System32\ADVAPI32.dll
0x00007ffc9dbe0000 - 0x00007ffc9dc7e000 	C:\WINDOWS\System32\msvcrt.dll
0x00007ffc9ccf0000 - 0x00007ffc9cd87000 	C:\WINDOWS\System32\sechost.dll
0x00007ffc9c780000 - 0x00007ffc9c8a0000 	C:\WINDOWS\System32\RPCRT4.dll
0x00007ffc9c8b0000 - 0x00007ffc9ca44000 	C:\WINDOWS\System32\USER32.dll
0x00007ffc9b040000 - 0x00007ffc9b061000 	C:\WINDOWS\System32\win32u.dll
0x00007ffc9d9f0000 - 0x00007ffc9da16000 	C:\WINDOWS\System32\GDI32.dll
0x00007ffc9bb70000 - 0x00007ffc9bd04000 	C:\WINDOWS\System32\gdi32full.dll
0x00007ffc7cd30000 - 0x00007ffc7cd46000 	C:\Program Files\Java\jdk-12.0.2\bin\VCRUNTIME140.dll
0x00007ffc9aef0000 - 0x00007ffc9af8e000 	C:\WINDOWS\System32\msvcp_win.dll
0x00007ffc85520000 - 0x00007ffc857a5000 	C:\WINDOWS\WinSxS\amd64_microsoft.windows.common-controls_6595b64144ccf1df_6.0.18362.476_none_e6c4b11b130f2595\COMCTL32.dll
0x00007ffc9c3c0000 - 0x00007ffc9c6f6000 	C:\WINDOWS\System32\combase.dll
0x00007ffc9ae70000 - 0x00007ffc9aef0000 	C:\WINDOWS\System32\bcryptPrimitives.dll
0x00007ffc95ff0000 - 0x00007ffc95ffa000 	C:\WINDOWS\SYSTEM32\VERSION.dll
0x00007ffc9cd90000 - 0x00007ffc9cdbe000 	C:\WINDOWS\System32\IMM32.DLL
0x00007ffc64330000 - 0x00007ffc643da000 	C:\Program Files\Java\jdk-12.0.2\bin\msvcp140.dll
0x00007ffc38820000 - 0x00007ffc39397000 	C:\Program Files\Java\jdk-12.0.2\bin\server\jvm.dll
0x00007ffc9dbd0000 - 0x00007ffc9dbd8000 	C:\WINDOWS\System32\PSAPI.DLL
0x00007ffc93f10000 - 0x00007ffc93f19000 	C:\WINDOWS\SYSTEM32\WSOCK32.dll
0x00007ffc9cdc0000 - 0x00007ffc9ce2f000 	C:\WINDOWS\System32\WS2_32.dll
0x00007ffc90eb0000 - 0x00007ffc90ed4000 	C:\WINDOWS\SYSTEM32\WINMM.dll
0x00007ffc90e10000 - 0x00007ffc90e3d000 	C:\WINDOWS\SYSTEM32\winmmbase.dll
0x00007ffc9b810000 - 0x00007ffc9b85a000 	C:\WINDOWS\System32\cfgmgr32.dll
0x00007ffc9ac40000 - 0x00007ffc9ac51000 	C:\WINDOWS\System32\kernel.appcore.dll
0x00007ffc7c1b0000 - 0x00007ffc7c1c1000 	C:\Program Files\Java\jdk-12.0.2\bin\verify.dll
0x00007ffc943d0000 - 0x00007ffc945c4000 	C:\WINDOWS\SYSTEM32\DBGHELP.DLL
0x00007ffc948f0000 - 0x00007ffc9491a000 	C:\WINDOWS\SYSTEM32\dbgcore.DLL
0x00007ffc72310000 - 0x00007ffc72336000 	C:\Program Files\Java\jdk-12.0.2\bin\java.dll
0x00007ffc722f0000 - 0x00007ffc72307000 	C:\Program Files\Java\jdk-12.0.2\bin\zip.dll
0x00007ffc8a3d0000 - 0x00007ffc8a3da000 	C:\Program Files\Java\jdk-12.0.2\bin\jimage.dll
0x00007ffc9d300000 - 0x00007ffc9d9e5000 	C:\WINDOWS\System32\SHELL32.dll
0x00007ffc9c1d0000 - 0x00007ffc9c279000 	C:\WINDOWS\System32\shcore.dll
0x00007ffc9b090000 - 0x00007ffc9b80e000 	C:\WINDOWS\System32\windows.storage.dll
0x00007ffc9ac60000 - 0x00007ffc9ac7f000 	C:\WINDOWS\System32\profapi.dll
0x00007ffc9aca0000 - 0x00007ffc9acea000 	C:\WINDOWS\System32\powrprof.dll
0x00007ffc9ac30000 - 0x00007ffc9ac40000 	C:\WINDOWS\System32\UMPDC.dll
0x00007ffc9c170000 - 0x00007ffc9c1c2000 	C:\WINDOWS\System32\shlwapi.dll
0x00007ffc9b070000 - 0x00007ffc9b087000 	C:\WINDOWS\System32\cryptsp.dll
0x00007ffc72210000 - 0x00007ffc72229000 	C:\Program Files\Java\jdk-12.0.2\bin\net.dll
0x00007ffc8d420000 - 0x00007ffc8d5f6000 	C:\WINDOWS\SYSTEM32\urlmon.dll
0x00007ffc92db0000 - 0x00007ffc92ea0000 	C:\WINDOWS\SYSTEM32\WINHTTP.dll
0x00007ffc8d810000 - 0x00007ffc8dab6000 	C:\WINDOWS\SYSTEM32\iertutil.dll
0x00007ffc9a670000 - 0x00007ffc9a67c000 	C:\WINDOWS\SYSTEM32\CRYPTBASE.DLL
0x00007ffc9a4a0000 - 0x00007ffc9a507000 	C:\WINDOWS\system32\mswsock.dll
0x00007ffc72110000 - 0x00007ffc72123000 	C:\Program Files\Java\jdk-12.0.2\bin\nio.dll
0x00007ffc909e0000 - 0x00007ffc909fe000 	C:\Users\Davi-PC\.gradle\native\25\windows-amd64\native-platform.dll
0x00007ffc87a10000 - 0x00007ffc87a19000 	C:\Program Files\Java\jdk-12.0.2\bin\management.dll
0x00007ffc86cf0000 - 0x00007ffc86cfc000 	C:\Program Files\Java\jdk-12.0.2\bin\management_ext.dll
0x00007ffc99fb0000 - 0x00007ffc99fe3000 	C:\WINDOWS\system32\rsaenh.dll
0x00007ffc9ae40000 - 0x00007ffc9ae66000 	C:\WINDOWS\System32\bcrypt.dll
0x00007ffc9ab50000 - 0x00007ffc9ab75000 	C:\WINDOWS\SYSTEM32\USERENV.dll
0x00007ffc9a1b0000 - 0x00007ffc9a1ea000 	C:\WINDOWS\SYSTEM32\IPHLPAPI.DLL
0x00007ffc9bee0000 - 0x00007ffc9bee8000 	C:\WINDOWS\System32\NSI.dll
0x00007ffc95f20000 - 0x00007ffc95f36000 	C:\WINDOWS\SYSTEM32\dhcpcsvc6.DLL
0x00007ffc96240000 - 0x00007ffc9625c000 	C:\WINDOWS\SYSTEM32\dhcpcsvc.DLL
0x00007ffc9a1f0000 - 0x00007ffc9a2ba000 	C:\WINDOWS\SYSTEM32\DNSAPI.dll
0x00007ffc5cf00000 - 0x00007ffc5d09f000 	C:\Program Files\Java\jdk-12.0.2\bin\awt.dll
0x00007ffc9be10000 - 0x00007ffc9bed4000 	C:\WINDOWS\System32\OLEAUT32.dll
0x00007ffc97700000 - 0x00007ffc97cc0000 	C:\WINDOWS\SYSTEM32\d2d1.dll
0x00007ffc98bb0000 - 0x00007ffc98c3f000 	C:\WINDOWS\SYSTEM32\apphelp.dll
0x00007ffc991e0000 - 0x00007ffc9920d000 	C:\WINDOWS\system32\DWMAPI.DLL
0x00007ffc98c80000 - 0x00007ffc98d19000 	C:\WINDOWS\system32\uxtheme.dll

dbghelp: loaded successfully - version: 4.0.5 - missing functions: none
symbol engine: initialized successfully - sym options: 0x614 - pdb path: .;C:\Program Files\Java\jdk-12.0.2\bin;C:\WINDOWS\SYSTEM32;C:\WINDOWS\WinSxS\amd64_microsoft.windows.common-controls_6595b64144ccf1df_6.0.18362.476_none_e6c4b11b130f2595;C:\Program Files\Java\jdk-12.0.2\bin\server;C:\Users\Davi-PC\.gradle\native\25\windows-amd64

VM Arguments:
jvm_args: --add-opens=java.base/java.util=ALL-UNNAMED --add-opens=java.base/java.lang=ALL-UNNAMED --add-opens=java.base/java.lang.invoke=ALL-UNNAMED --add-opens=java.prefs/java.util.prefs=ALL-UNNAMED -Xmx1536m -Dfile.encoding=windows-1252 -Duser.country=US -Duser.language=en -Duser.variant 
java_command: org.gradle.launcher.daemon.bootstrap.GradleDaemon 5.1.1
java_class_path (initial): C:\Users\Davi-PC\.gradle\wrapper\dists\gradle-5.1.1-all\97z1ksx6lirer3kbvdnh7jtjg\gradle-5.1.1\lib\gradle-launcher-5.1.1.jar
Launcher Type: SUN_STANDARD

[Global flags]
     intx CICompilerCount                          = 3                                         {product} {ergonomic}
     uint ConcGCThreads                            = 1                                         {product} {ergonomic}
     uint G1ConcRefinementThreads                  = 4                                         {product} {ergonomic}
   size_t G1HeapRegionSize                         = 1048576                                   {product} {ergonomic}
    uintx GCDrainStackTargetSize                   = 64                                        {product} {ergonomic}
   size_t InitialHeapSize                          = 268435456                                 {product} {ergonomic}
   size_t MarkStackSize                            = 4194304                                   {product} {ergonomic}
   size_t MaxHeapSize                              = 1610612736                                {product} {command line}
   size_t MaxNewSize                               = 965738496                                 {product} {ergonomic}
   size_t MinHeapDeltaBytes                        = 1048576                                   {product} {ergonomic}
    uintx NonNMethodCodeHeapSize                   = 5830732                                {pd product} {ergonomic}
    uintx NonProfiledCodeHeapSize                  = 122913754                              {pd product} {ergonomic}
    uintx ProfiledCodeHeapSize                     = 122913754                              {pd product} {ergonomic}
    uintx ReservedCodeCacheSize                    = 251658240                              {pd product} {ergonomic}
     bool SegmentedCodeCache                       = true                                      {product} {ergonomic}
     bool UseCompressedClassPointers               = true                                 {lp64_product} {ergonomic}
     bool UseCompressedOops                        = true                                 {lp64_product} {ergonomic}
     bool UseG1GC                                  = true                                      {product} {ergonomic}
     bool UseLargePagesIndividualAllocation        = false                                  {pd product} {ergonomic}

Logging:
Log output configuration:
 #0: stdout all=warning uptime,level,tags
 #1: stderr all=off uptime,level,tags

Environment Variables:
JAVA_HOME=C:\Program Files\Java\jdk1.8.0_211
CLASSPATH=.;
PATH=D:\Android_sdk\emulator;C:\Windows\system32;C:\Windows;C:\Windows\System32\Wbem;C:\Windows\System32\WindowsPowerShell\v1.0\;C:\Windows\System32\OpenSSH\;C:\Program Files (x86)\Brackets\command;C:\Program Files\Git\cmd;C:\Program Files\dotnet\;C:\Program Files\Microsoft SQL Server\130\Tools\Binn\;C:\Program Files\Microsoft VS Code\bin;C:\Program Files\NVIDIA Corporation\NVIDIA NvDLISR;C:\Program Files (x86)\NVIDIA Corporation\PhysX\Common;C:\WINDOWS\system32;C:\WINDOWS;C:\WINDOWS\System32\Wbem;C:\WINDOWS\System32\WindowsPowerShell\v1.0\;C:\WINDOWS\System32\OpenSSH\;C:\ProgramData\chocolatey\bin;C:\Program Files\nodejs;C:\Program Files\nodejs\;C:\Program Files (x86)\Yarn\bin\;C:\Program Files\Java\jdk1.8.0_211\bin;D:\Android_sdk\platform-tools;C:\Program Files\PuTTY\;C:\tools\php73;C:\ProgramData\ComposerSetup\bin;C:\Users\Davi-PC\AppData\Local\GitHubDesktop\bin;C:\Users\Davi-PC\AppData\Local\atom\bin;C:\MinGW\bin;C:\Program Files\Java\jdk-12.0.2\bin;C:\Users\Davi-PC\AppData\Local\Microsoft\WindowsApps;C:\Program Files\nodejs\;C:\Users\Davi-PC\AppData\Roaming\npm;C:\Users\Davi-PC\AppData\Local\Yarn\bin;C:\Users\Davi-PC\AppData\Local\Programs\Microsoft VS Code\bin;C:\Users\Davi-PC\AppData\Roaming\Composer\vendor\bin
USERNAME=Davi-PC
OS=Windows_NT
PROCESSOR_IDENTIFIER=Intel64 Family 6 Model 158 Stepping 11, GenuineIntel



---------------  S Y S T E M  ---------------

OS: Windows 10 , 64 bit Build 18362 (10.0.18362.329)

CPU:total 4 (initial active 4) (4 cores per cpu, 1 threads per core) family 6 model 158 stepping 11, cmov, cx8, fxsr, mmx, sse, sse2, sse3, ssse3, sse4.1, sse4.2, popcnt, avx, avx2, aes, clmul, erms, 3dnowpref, lzcnt, tsc, tscinvbit, bmi1, bmi2, adx, fma

Memory: 4k page, system-wide physical 16297M (8666M free)
TotalPageFile size 18857M (AvailPageFile size 6088M)
current process WorkingSet (physical memory assigned to process): 527M, peak: 533M
current process commit charge ("private bytes"): 553M, peak: 562M

vm_info: Java HotSpot(TM) 64-Bit Server VM (12.0.2+10) for windows-amd64 JRE (12.0.2+10), built on Jul 16 2019 01:56:17 by "mach5one" with MS VC++ 15.5 (VS2017)

END.
