#
# A fatal error has been detected by the Java Runtime Environment:
#
#  EXCEPTION_ACCESS_VIOLATION (0xc0000005) at pc=0x00007ffc12bef360, pid=8660, tid=8216
#
# JRE version: Java(TM) SE Runtime Environment (12.0.2+10) (build 12.0.2+10)
# Java VM: Java HotSpot(TM) 64-Bit Server VM (12.0.2+10, mixed mode, sharing, tiered, compressed oops, g1 gc, windows-amd64)
# Problematic frame:
# V  [jvm.dll+0x37f360]
#
# No core dump will be written. Minidumps are not enabled by default on client versions of Windows
#
# If you would like to submit a bug report, please visit:
#   http://bugreport.java.com/bugreport/crash.jsp
#

---------------  S U M M A R Y ------------

Command Line: --add-opens=java.base/java.util=ALL-UNNAMED --add-opens=java.base/java.lang=ALL-UNNAMED --add-opens=java.base/java.lang.invoke=ALL-UNNAMED --add-opens=java.prefs/java.util.prefs=ALL-UNNAMED -Xmx1536m -Dfile.encoding=windows-1252 -Duser.country=US -Duser.language=en -Duser.variant org.gradle.launcher.daemon.bootstrap.GradleDaemon 5.1.1

Host: Intel(R) Core(TM) i3-8100 CPU @ 3.60GHz, 4 cores, 15G,  Windows 10 , 64 bit Build 18362 (10.0.18362.329)
Time: Tue Dec  3 21:12:08 2019 E. South America Standard Time elapsed time: 80 seconds (0d 0h 1m 20s)

---------------  T H R E A D  ---------------

Current thread (0x000001ad062a8000):  JavaThread "C2 CompilerThread1" daemon [_thread_in_native, id=8216, stack(0x00000058ed200000,0x00000058ed300000)]


Current CompileTask:
C2:  80234 14385       4       com.android.ide.common.blame.MergingLogPersistUtil::lambda$normalize$0 (107 bytes)

Stack: [0x00000058ed200000,0x00000058ed300000],  sp=0x00000058ed2fbcf0,  free space=1007k
Native frames: (J=compiled Java code, j=interpreted, Vv=VM code, C=native code)
V  [jvm.dll+0x37f360]
V  [jvm.dll+0x37b110]
V  [jvm.dll+0x1afc07]
V  [jvm.dll+0x1af36b]
V  [jvm.dll+0x21c312]
V  [jvm.dll+0x21b3da]
V  [jvm.dll+0x199a20]
V  [jvm.dll+0x22a744]
V  [jvm.dll+0x228d98]
V  [jvm.dll+0x7512a0]
V  [jvm.dll+0x74a2c8]
V  [jvm.dll+0x639b16]
C  [ucrtbase.dll+0x20e72]
C  [KERNEL32.DLL+0x17bd4]
C  [ntdll.dll+0x6ced1]


siginfo: EXCEPTION_ACCESS_VIOLATION (0xc0000005), reading address 0x000001ed058ac560


Register to memory mapping:

RIP=0x00007ffc12bef360 jvm.dll
RAX=0x0 is NULL
RBX=0x0000000000000002 is an unknown value
RCX=0x0 is NULL
RDX=0x000001ad05ae1100 points into unknown readable memory: 0c 00 00 00 a5 95 aa 38
RSP=0x00000058ed2fbcf0 is pointing into the stack for thread: 0x000001ad062a8000
RBP=0x0000000000000008 is an unknown value
RSI=0x00007ffc133077b0 jvm.dll
RDI=0x000001ad0aa17218 points into unknown readable memory: f0 43 fe 03 ad 01 00 00
R8 =0x000001ed058ac560 is an unknown value
R9 =0x00000058ed2fbd40 is pointing into the stack for thread: 0x000001ad062a8000
R10=0x0000000000000002 is an unknown value
R11=0x00000058ed2fc010 is pointing into the stack for thread: 0x000001ad062a8000
R12=0x00007ffc12870000 jvm.dll
R13=0x00000000000003d8 is an unknown value
R14=0x00000000000be280 is an unknown value
R15=0x0000000000001304 is an unknown value


Registers:
RAX=0x0000000000000000, RBX=0x0000000000000002, RCX=0x0000000000000000, RDX=0x000001ad05ae1100
RSP=0x00000058ed2fbcf0, RBP=0x0000000000000008, RSI=0x00007ffc133077b0, RDI=0x000001ad0aa17218
R8 =0x000001ed058ac560, R9 =0x00000058ed2fbd40, R10=0x0000000000000002, R11=0x00000058ed2fc010
R12=0x00007ffc12870000, R13=0x00000000000003d8, R14=0x00000000000be280, R15=0x0000000000001304
RIP=0x00007ffc12bef360, EFLAGS=0x0000000000010246

Top of Stack: (sp=0x00000058ed2fbcf0)
0x00000058ed2fbcf0:   000001ad030db150 00000058ed2fbd79
0x00000058ed2fbd00:   000001ad05ad10c0 00007ffc00000015
0x00000058ed2fbd10:   00000058ed2fc010 00007ffc12beb110
0x00000058ed2fbd20:   000001ad074b0020 0000000000000098
0x00000058ed2fbd30:   0000000000000004 000001ad00000001
0x00000058ed2fbd40:   0000000000000000 000001ad00000008
0x00000058ed2fbd50:   000001ed058ac560 00007ffc00000000
0x00000058ed2fbd60:   000001ad02eacd70 00007ffc00000015
0x00000058ed2fbd70:   000001ad05ae1100 00007ffc12a67585
0x00000058ed2fbd80:   00007ffc12870000 000001ad030db150
0x00000058ed2fbd90:   0000000000000000 00007ffc12a1fc07
0x00000058ed2fbda0:   0000000000001304 00000058ed2fc050
0x00000058ed2fbdb0:   00000058ed2fc498 00000058ed2fc3b0
0x00000058ed2fbdc0:   00000058ed2fc120 00007ffc12a65cd0
0x00000058ed2fbdd0:   000001ad07550c00 0000000000000007
0x00000058ed2fbde0:   00000058ed2fbea0 0000000000000007 

Instructions: (pc=0x00007ffc12bef360)
0x00007ffc12bef260:   58 4c 8b 64 24 50 48 8b c3 48 83 c4 20 41 5f 5f
0x00007ffc12bef270:   5e 5d 5b c3 cc cc cc cc cc cc cc cc cc cc cc cc
0x00007ffc12bef280:   8b 02 45 33 c0 44 89 01 c7 41 08 08 00 00 00 85
0x00007ffc12bef290:   c0 75 12 c7 41 18 01 00 00 00 48 8b c1 c7 41 28
0x00007ffc12bef2a0:   01 00 00 00 c3 44 89 41 04 44 89 41 18 8b 82 90
0x00007ffc12bef2b0:   00 00 00 89 41 28 4c 89 41 10 48 8b 42 08 48 89
0x00007ffc12bef2c0:   41 20 48 8b c1 48 89 51 30 c3 cc cc cc cc cc cc
0x00007ffc12bef2d0:   48 83 ec 28 4c 8b c9 8b 49 08 83 f9 08 73 1c 4d
0x00007ffc12bef2e0:   8b 51 10 44 8b c1 8d 51 01 43 83 3c 82 00 0f 85
0x00007ffc12bef2f0:   0d 01 00 00 8b ca 83 fa 08 72 e8 45 8b 51 18 41
0x00007ffc12bef300:   8b 41 28 48 89 5c 24 30 48 89 6c 24 38 48 89 74
0x00007ffc12bef310:   24 40 48 89 7c 24 20 44 3b d0 0f 83 ba 00 00 00
0x00007ffc12bef320:   8b 0d de 0b 76 00 48 8d 35 83 84 71 00 65 48 8b
0x00007ffc12bef330:   04 25 58 00 00 00 bd 08 00 00 00 48 8d 3c c8 90
0x00007ffc12bef340:   49 8b 41 20 41 8b da 4c 8b 04 d8 4c 3b c6 74 7a
0x00007ffc12bef350:   33 c0 4d 89 41 10 33 c9 0f 1f 84 00 00 00 00 00
0x00007ffc12bef360:   42 83 3c 01 00 8d 50 01 0f 85 be 00 00 00 48 83
0x00007ffc12bef370:   c1 04 8b c2 83 fa 08 72 e7 4d 8b 59 30 4d 85 db
0x00007ffc12bef380:   74 48 49 8b 43 08 8b d5 48 03 17 4c 8b 04 d8 48
0x00007ffc12bef390:   8b 02 48 8b 88 b8 04 00 00 48 8b 81 88 00 00 00
0x00007ffc12bef3a0:   48 8b 88 90 08 00 00 49 89 08 48 8b 02 48 8b 88
0x00007ffc12bef3b0:   b8 04 00 00 48 8b 81 88 00 00 00 4c 89 80 90 08
0x00007ffc12bef3c0:   00 00 49 8b 43 08 48 89 34 d8 41 8b 41 28 41 ff
0x00007ffc12bef3d0:   c2 44 3b d0 0f 82 66 ff ff ff 41 89 41 18 33 c0
0x00007ffc12bef3e0:   41 c7 41 08 08 00 00 00 48 8b 74 24 40 48 8b 6c
0x00007ffc12bef3f0:   24 38 48 8b 5c 24 30 48 8b 7c 24 20 48 83 c4 28
0x00007ffc12bef400:   c3 41 8b 41 18 8d 0c c1 c1 e1 05 81 e9 00 01 00
0x00007ffc12bef410:   00 41 89 49 04 49 8b c9 43 8b 04 82 41 89 01 41
0x00007ffc12bef420:   89 51 08 48 83 c4 28 e9 34 2d e3 ff 42 8d 0c d0
0x00007ffc12bef430:   c1 e1 05 41 89 49 04 8b c8 41 8d 42 01 41 8b 0c
0x00007ffc12bef440:   88 41 89 09 49 8b c9 41 89 41 18 41 89 51 08 e8
0x00007ffc12bef450:   0c 2d e3 ff eb 92 cc cc cc cc cc cc cc cc cc cc 


Stack slot to memory mapping:
stack at sp + 0 slots: 0x000001ad030db150 points into unknown readable memory: f8 6c 15 13 fc 7f 00 00
stack at sp + 1 slots: 0x00000058ed2fbd79 is pointing into the stack for thread: 0x000001ad062a8000
stack at sp + 2 slots: 0x000001ad05ad10c0 points into unknown readable memory: 05 00 00 00 d2 e0 a3 3e
stack at sp + 3 slots: 0x00007ffc00000015 is an unknown value
stack at sp + 4 slots: 0x00000058ed2fc010 is pointing into the stack for thread: 0x000001ad062a8000
stack at sp + 5 slots: 0x00007ffc12beb110 jvm.dll
stack at sp + 6 slots: 0x000001ad074b0020 points into unknown readable memory: 00 00 00 00 00 00 00 00
stack at sp + 7 slots: 0x0000000000000098 is an unknown value


---------------  P R O C E S S  ---------------

Threads class SMR info:
_java_thread_list=0x000001ad0329c9f0, length=41, elements={
0x000001ad6001b800, 0x000001ad7d23b000, 0x000001ad7d23f800, 0x000001ad7db5c000,
0x000001ad7db5e000, 0x000001ad7db5f000, 0x000001ad7db62800, 0x000001ad7db68800,
0x000001ad7dcf2800, 0x000001ad7dcfc000, 0x000001ad7ea6d800, 0x000001ad7f32f800,
0x000001ad7e433800, 0x000001ad7f684000, 0x000001ad7f41e000, 0x000001ad7f48b800,
0x000001ad7f48b000, 0x000001ad7f48c800, 0x000001ad7f48a000, 0x000001ad00e79000,
0x000001ad00e76800, 0x000001ad7f48d800, 0x000001ad7f489800, 0x000001ad7f490000,
0x000001ad00e75000, 0x000001ad00e73000, 0x000001ad00e77000, 0x000001ad00e78000,
0x000001ad00e75800, 0x000001ad00e74000, 0x000001ad00e7d800, 0x000001ad00e7c000,
0x000001ad00e80000, 0x000001ad00e7d000, 0x000001ad00e7e800, 0x000001ad00e7f800,
0x000001ad00e7a800, 0x000001ad00e81000, 0x000001ad00e7b800, 0x000001ad00e82000,
0x000001ad062a8000
}

Java Threads: ( => current thread )
  0x000001ad6001b800 JavaThread "main" [_thread_blocked, id=13076, stack(0x00000058ea800000,0x00000058ea900000)]
  0x000001ad7d23b000 JavaThread "Reference Handler" daemon [_thread_blocked, id=16348, stack(0x00000058eaf00000,0x00000058eb000000)]
  0x000001ad7d23f800 JavaThread "Finalizer" daemon [_thread_blocked, id=9004, stack(0x00000058eb000000,0x00000058eb100000)]
  0x000001ad7db5c000 JavaThread "Signal Dispatcher" daemon [_thread_blocked, id=428, stack(0x00000058eb100000,0x00000058eb200000)]
  0x000001ad7db5e000 JavaThread "Attach Listener" daemon [_thread_blocked, id=9780, stack(0x00000058eb200000,0x00000058eb300000)]
  0x000001ad7db5f000 JavaThread "C2 CompilerThread0" daemon [_thread_blocked, id=6972, stack(0x00000058eb300000,0x00000058eb400000)]
  0x000001ad7db62800 JavaThread "C1 CompilerThread0" daemon [_thread_blocked, id=3808, stack(0x00000058eb400000,0x00000058eb500000)]
  0x000001ad7db68800 JavaThread "Sweeper thread" daemon [_thread_blocked, id=2764, stack(0x00000058eb500000,0x00000058eb600000)]
  0x000001ad7dcf2800 JavaThread "Common-Cleaner" daemon [_thread_blocked, id=3456, stack(0x00000058eb600000,0x00000058eb700000)]
  0x000001ad7dcfc000 JavaThread "Service Thread" daemon [_thread_blocked, id=14952, stack(0x00000058eb700000,0x00000058eb800000)]
  0x000001ad7ea6d800 JavaThread "Daemon health stats" [_thread_blocked, id=5824, stack(0x00000058ebd00000,0x00000058ebe00000)]
  0x000001ad7f32f800 JavaThread "Incoming local TCP Connector on port 51205" [_thread_in_native, id=10948, stack(0x00000058ebc00000,0x00000058ebd00000)]
  0x000001ad7e433800 JavaThread "Daemon periodic checks" [_thread_blocked, id=15984, stack(0x00000058ebe00000,0x00000058ebf00000)]
  0x000001ad7f684000 JavaThread "Daemon" [_thread_blocked, id=15144, stack(0x00000058ebf00000,0x00000058ec000000)]
  0x000001ad7f41e000 JavaThread "Daemon worker" [_thread_blocked, id=13264, stack(0x00000058ec200000,0x00000058ec300000)]
  0x000001ad7f48b800 JavaThread "Cache worker for file hash cache (C:\Users\Davi-PC\.gradle\caches\5.1.1\fileHashes)" [_thread_blocked, id=10152, stack(0x00000058ec600000,0x00000058ec700000)]
  0x000001ad7f48b000 JavaThread "File lock request listener" [_thread_in_native, id=13120, stack(0x00000058ec700000,0x00000058ec800000)]
  0x000001ad7f48c800 JavaThread "Cache worker for journal cache (C:\Users\Davi-PC\.gradle\caches\journal-1)" [_thread_blocked, id=16212, stack(0x00000058ec800000,0x00000058ec900000)]
  0x000001ad7f48a000 JavaThread "Cache worker for execution history cache (C:\Users\Davi-PC\.gradle\caches\5.1.1\executionHistory)" [_thread_blocked, id=12616, stack(0x00000058ecd00000,0x00000058ece00000)]
  0x000001ad00e79000 JavaThread "Memory manager" [_thread_blocked, id=8452, stack(0x00000058ed400000,0x00000058ed500000)]
  0x000001ad00e76800 JavaThread "Cache worker for file content cache (C:\Users\Davi-PC\.gradle\caches\5.1.1\fileContent)" [_thread_blocked, id=664, stack(0x00000058ed500000,0x00000058ed600000)]
  0x000001ad7f48d800 JavaThread "Handler for socket connection from /127.0.0.1:51205 to /127.0.0.1:51239" [_thread_in_native, id=8564, stack(0x00000058ea500000,0x00000058ea600000)]
  0x000001ad7f489800 JavaThread "Cancel handler" [_thread_blocked, id=10992, stack(0x00000058ea600000,0x00000058ea700000)]
  0x000001ad7f490000 JavaThread "Asynchronous log dispatcher for DefaultDaemonConnection: socket connection from /127.0.0.1:51205 to /127.0.0.1:51239" [_thread_blocked, id=13636, stack(0x00000058ea700000,0x00000058ea800000)]
  0x000001ad00e75000 JavaThread "Stdin handler" [_thread_blocked, id=7076, stack(0x00000058ec300000,0x00000058ec400000)]
  0x000001ad00e73000 JavaThread "Thread-64" [_thread_blocked, id=16308, stack(0x00000058ec400000,0x00000058ec500000)]
  0x000001ad00e77000 JavaThread "Cache worker for file hash cache (D:\Faculdade\Estacio\2019.3\Programacao_de_Disposivos_Moveis\tic-tac-toe\.gradle\5.1.1\fileHashes)" [_thread_blocked, id=15436, stack(0x00000058ec500000,0x00000058ec600000)]
  0x000001ad00e78000 JavaThread "Cache worker for cache directory md-supplier (C:\Users\Davi-PC\.gradle\caches\5.1.1\md-supplier)" [_thread_blocked, id=16164, stack(0x00000058ec900000,0x00000058eca00000)]
  0x000001ad00e75800 JavaThread "Cache worker for cache directory md-rule (C:\Users\Davi-PC\.gradle\caches\5.1.1\md-rule)" [_thread_blocked, id=8236, stack(0x00000058eca00000,0x00000058ecb00000)]
  0x000001ad00e74000 JavaThread "Build operations" [_thread_blocked, id=13708, stack(0x00000058ecb00000,0x00000058ecc00000)]
  0x000001ad00e7d800 JavaThread "Build operations Thread 2" [_thread_blocked, id=3604, stack(0x00000058ecc00000,0x00000058ecd00000)]
  0x000001ad00e7c000 JavaThread "Build operations Thread 3" [_thread_blocked, id=14452, stack(0x00000058ece00000,0x00000058ecf00000)]
  0x000001ad00e80000 JavaThread "Build operations Thread 4" [_thread_blocked, id=16028, stack(0x00000058ecf00000,0x00000058ed000000)]
  0x000001ad00e7d000 JavaThread "pool-5-thread-1" [_thread_blocked, id=9836, stack(0x00000058ed000000,0x00000058ed100000)]
  0x000001ad00e7e800 JavaThread "Cache worker for Build Output Cleanup Cache (D:\Faculdade\Estacio\2019.3\Programacao_de_Disposivos_Moveis\tic-tac-toe\.gradle\buildOutputCleanup)" [_thread_blocked, id=10296, stack(0x00000058ed100000,0x00000058ed200000)]
  0x000001ad00e7f800 JavaThread "Cache worker for file content cache (D:\Faculdade\Estacio\2019.3\Programacao_de_Disposivos_Moveis\tic-tac-toe\.gradle\5.1.1\fileContent)" [_thread_blocked, id=9192, stack(0x00000058ed300000,0x00000058ed400000)]
  0x000001ad00e7a800 JavaThread "Execution worker for ':'" [_thread_blocked, id=3768, stack(0x00000058ed600000,0x00000058ed700000)]
  0x000001ad00e81000 JavaThread "Execution worker for ':' Thread 2" [_thread_blocked, id=8056, stack(0x00000058ed700000,0x00000058ed800000)]
  0x000001ad00e7b800 JavaThread "Execution worker for ':' Thread 3" [_thread_in_native, id=15732, stack(0x00000058ed800000,0x00000058ed900000)]
  0x000001ad00e82000 JavaThread "Cache worker for execution history cache (D:\Faculdade\Estacio\2019.3\Programacao_de_Disposivos_Moveis\tic-tac-toe\.gradle\5.1.1\executionHistory)" [_thread_blocked, id=5720, stack(0x00000058ed900000,0x00000058eda00000)]
=>0x000001ad062a8000 JavaThread "C2 CompilerThread1" daemon [_thread_in_native, id=8216, stack(0x00000058ed200000,0x00000058ed300000)]

Other Threads:
  0x000001ad7d237800 VMThread "VM Thread" [stack: 0x00000058eae00000,0x00000058eaf00000] [id=11964]
  0x000001ad7dcfd000 WatcherThread [stack: 0x00000058eb800000,0x00000058eb900000] [id=1872]
  0x000001ad60054800 GCTaskThread "GC Thread#0" [stack: 0x00000058ea900000,0x00000058eaa00000] [id=6412]
  0x000001ad7e20e000 GCTaskThread "GC Thread#1" [stack: 0x00000058eb900000,0x00000058eba00000] [id=7488]
  0x000001ad7e460800 GCTaskThread "GC Thread#2" [stack: 0x00000058eba00000,0x00000058ebb00000] [id=15204]
  0x000001ad7e655800 GCTaskThread "GC Thread#3" [stack: 0x00000058ebb00000,0x00000058ebc00000] [id=8280]
  0x000001ad6005f000 ConcurrentGCThread "G1 Main Marker" [stack: 0x00000058eaa00000,0x00000058eab00000] [id=9936]
  0x000001ad60060800 ConcurrentGCThread "G1 Conc#0" [stack: 0x00000058eab00000,0x00000058eac00000] [id=15560]
  0x000001ad600ed800 ConcurrentGCThread "G1 Refine#0" [stack: 0x00000058eac00000,0x00000058ead00000] [id=4708]
  0x000001ad7e654800 ConcurrentGCThread "G1 Refine#1" [stack: 0x00000058ee200000,0x00000058ee300000] [id=14900]
  0x000001ad06224800 ConcurrentGCThread "G1 Refine#2" [stack: 0x00000058ee300000,0x00000058ee400000] [id=11812]
  0x000001ad7d0b8800 ConcurrentGCThread "G1 Young RemSet Sampling" [stack: 0x00000058ead00000,0x00000058eae00000] [id=15620]

Threads with active compile tasks:
C2 CompilerThread1  14385       4       com.android.ide.common.blame.MergingLogPersistUtil::lambda$normalize$0 (107 bytes)

VM state:not at safepoint (normal execution)

VM Mutex/Monitor currently owned by a thread: None

Heap address: 0x00000000a0000000, size: 1536 MB, Compressed Oops mode: 32-bit
Narrow klass base: 0x0000000800000000, Narrow klass shift: 3
Compressed class space size: 1073741824 Address: 0x0000000801190000

Heap:
 garbage-first heap   total 281600K, used 126313K [0x00000000a0000000, 0x0000000100000000)
  region size 1024K, 25 young (25600K), 13 survivors (13312K)
 Metaspace       used 81997K, capacity 84035K, committed 84048K, reserved 1122304K
  class space    used 10366K, capacity 10999K, committed 11008K, reserved 1048576K
Heap Regions: E=young(eden), S=young(survivor), O=old, HS=humongous(starts), HC=humongous(continues), CS=collection set, F=free, A=archive, TAMS=top-at-mark-start (previous, next)
|   0|0x00000000a0000000, 0x00000000a0100000, 0x00000000a0100000|100%|HS|  |TAMS 0x00000000a0100000, 0x00000000a0000000| Complete 
|   1|0x00000000a0100000, 0x00000000a0200000, 0x00000000a0200000|100%|HS|  |TAMS 0x00000000a0200000, 0x00000000a0100000| Complete 
|   2|0x00000000a0200000, 0x00000000a0300000, 0x00000000a0300000|100%|HC|  |TAMS 0x00000000a0300000, 0x00000000a0200000| Complete 
|   3|0x00000000a0300000, 0x00000000a0400000, 0x00000000a0400000|100%| O|  |TAMS 0x00000000a0400000, 0x00000000a0300000| Untracked 
|   4|0x00000000a0400000, 0x00000000a0500000, 0x00000000a0500000|100%| O|  |TAMS 0x00000000a0500000, 0x00000000a0400000| Untracked 
|   5|0x00000000a0500000, 0x00000000a0600000, 0x00000000a0600000|100%| O|  |TAMS 0x00000000a0600000, 0x00000000a0500000| Untracked 
|   6|0x00000000a0600000, 0x00000000a0700000, 0x00000000a0700000|100%| O|  |TAMS 0x00000000a0700000, 0x00000000a0600000| Untracked 
|   7|0x00000000a0700000, 0x00000000a0800000, 0x00000000a0800000|100%| O|  |TAMS 0x00000000a0800000, 0x00000000a0700000| Untracked 
|   8|0x00000000a0800000, 0x00000000a0900000, 0x00000000a0900000|100%| O|  |TAMS 0x00000000a0900000, 0x00000000a0800000| Untracked 
|   9|0x00000000a0900000, 0x00000000a0a00000, 0x00000000a0a00000|100%| O|  |TAMS 0x00000000a0a00000, 0x00000000a0900000| Untracked 
|  10|0x00000000a0a00000, 0x00000000a0b00000, 0x00000000a0b00000|100%| O|  |TAMS 0x00000000a0b00000, 0x00000000a0a00000| Untracked 
|  11|0x00000000a0b00000, 0x00000000a0c00000, 0x00000000a0c00000|100%| O|  |TAMS 0x00000000a0c00000, 0x00000000a0b00000| Untracked 
|  12|0x00000000a0c00000, 0x00000000a0cc9200, 0x00000000a0d00000| 78%| O|  |TAMS 0x00000000a0cc9200, 0x00000000a0c00000| Untracked 
|  13|0x00000000a0d00000, 0x00000000a0e00000, 0x00000000a0e00000|100%|HS|  |TAMS 0x00000000a0e00000, 0x00000000a0d00000| Complete 
|  14|0x00000000a0e00000, 0x00000000a0f00000, 0x00000000a0f00000|100%|HC|  |TAMS 0x00000000a0f00000, 0x00000000a0e00000| Complete 
|  15|0x00000000a0f00000, 0x00000000a1000000, 0x00000000a1000000|100%|HS|  |TAMS 0x00000000a1000000, 0x00000000a0f00000| Complete 
|  16|0x00000000a1000000, 0x00000000a1100000, 0x00000000a1100000|100%|HC|  |TAMS 0x00000000a1100000, 0x00000000a1000000| Complete 
|  17|0x00000000a1100000, 0x00000000a1200000, 0x00000000a1200000|100%|HC|  |TAMS 0x00000000a1200000, 0x00000000a1100000| Complete 
|  18|0x00000000a1200000, 0x00000000a1300000, 0x00000000a1300000|100%|HS|  |TAMS 0x00000000a1300000, 0x00000000a1200000| Complete 
|  19|0x00000000a1300000, 0x00000000a1400000, 0x00000000a1400000|100%|HC|  |TAMS 0x00000000a1400000, 0x00000000a1300000| Complete 
|  20|0x00000000a1400000, 0x00000000a1500000, 0x00000000a1500000|100%|HS|  |TAMS 0x00000000a1500000, 0x00000000a1400000| Complete 
|  21|0x00000000a1500000, 0x00000000a1600000, 0x00000000a1600000|100%|HC|  |TAMS 0x00000000a1600000, 0x00000000a1500000| Complete 
|  22|0x00000000a1600000, 0x00000000a1700000, 0x00000000a1700000|100%|HC|  |TAMS 0x00000000a1700000, 0x00000000a1600000| Complete 
|  23|0x00000000a1700000, 0x00000000a1800000, 0x00000000a1800000|100%| O|  |TAMS 0x00000000a1800000, 0x00000000a1700000| Untracked 
|  24|0x00000000a1800000, 0x00000000a1900000, 0x00000000a1900000|100%| O|  |TAMS 0x00000000a1900000, 0x00000000a1800000| Untracked 
|  25|0x00000000a1900000, 0x00000000a1a00000, 0x00000000a1a00000|100%| O|  |TAMS 0x00000000a1a00000, 0x00000000a1900000| Untracked 
|  26|0x00000000a1a00000, 0x00000000a1b00000, 0x00000000a1b00000|100%| O|  |TAMS 0x00000000a1b00000, 0x00000000a1a00000| Untracked 
|  27|0x00000000a1b00000, 0x00000000a1c00000, 0x00000000a1c00000|100%| O|  |TAMS 0x00000000a1c00000, 0x00000000a1b00000| Untracked 
|  28|0x00000000a1c00000, 0x00000000a1d00000, 0x00000000a1d00000|100%| O|  |TAMS 0x00000000a1d00000, 0x00000000a1c00000| Untracked 
|  29|0x00000000a1d00000, 0x00000000a1e00000, 0x00000000a1e00000|100%|HS|  |TAMS 0x00000000a1e00000, 0x00000000a1d00000| Complete 
|  30|0x00000000a1e00000, 0x00000000a1f00000, 0x00000000a1f00000|100%|HC|  |TAMS 0x00000000a1f00000, 0x00000000a1e00000| Complete 
|  31|0x00000000a1f00000, 0x00000000a2000000, 0x00000000a2000000|100%| O|  |TAMS 0x00000000a2000000, 0x00000000a1f00000| Untracked 
|  32|0x00000000a2000000, 0x00000000a2100000, 0x00000000a2100000|100%| O|  |TAMS 0x00000000a2100000, 0x00000000a2000000| Untracked 
|  33|0x00000000a2100000, 0x00000000a2200000, 0x00000000a2200000|100%| O|  |TAMS 0x00000000a2200000, 0x00000000a2100000| Untracked 
|  34|0x00000000a2200000, 0x00000000a2300000, 0x00000000a2300000|100%| O|  |TAMS 0x00000000a2300000, 0x00000000a2200000| Untracked 
|  35|0x00000000a2300000, 0x00000000a2400000, 0x00000000a2400000|100%| O|  |TAMS 0x00000000a2400000, 0x00000000a2300000| Untracked 
|  36|0x00000000a2400000, 0x00000000a2500000, 0x00000000a2500000|100%| O|  |TAMS 0x00000000a2500000, 0x00000000a2400000| Untracked 
|  37|0x00000000a2500000, 0x00000000a2600000, 0x00000000a2600000|100%| O|  |TAMS 0x00000000a2600000, 0x00000000a2500000| Untracked 
|  38|0x00000000a2600000, 0x00000000a2700000, 0x00000000a2700000|100%| O|  |TAMS 0x00000000a2700000, 0x00000000a2600000| Untracked 
|  39|0x00000000a2700000, 0x00000000a2800000, 0x00000000a2800000|100%| O|  |TAMS 0x00000000a2800000, 0x00000000a2700000| Untracked 
|  40|0x00000000a2800000, 0x00000000a2900000, 0x00000000a2900000|100%| O|  |TAMS 0x00000000a2900000, 0x00000000a2800000| Untracked 
|  41|0x00000000a2900000, 0x00000000a2a00000, 0x00000000a2a00000|100%| O|  |TAMS 0x00000000a2a00000, 0x00000000a2900000| Untracked 
|  42|0x00000000a2a00000, 0x00000000a2b00000, 0x00000000a2b00000|100%| O|  |TAMS 0x00000000a2b00000, 0x00000000a2a00000| Untracked 
|  43|0x00000000a2b00000, 0x00000000a2c00000, 0x00000000a2c00000|100%| O|  |TAMS 0x00000000a2c00000, 0x00000000a2b00000| Untracked 
|  44|0x00000000a2c00000, 0x00000000a2d00000, 0x00000000a2d00000|100%| O|  |TAMS 0x00000000a2d00000, 0x00000000a2c00000| Untracked 
|  45|0x00000000a2d00000, 0x00000000a2e00000, 0x00000000a2e00000|100%| O|  |TAMS 0x00000000a2e00000, 0x00000000a2d00000| Untracked 
|  46|0x00000000a2e00000, 0x00000000a2f00000, 0x00000000a2f00000|100%| O|  |TAMS 0x00000000a2f00000, 0x00000000a2e00000| Untracked 
|  47|0x00000000a2f00000, 0x00000000a2f91200, 0x00000000a3000000| 56%| O|  |TAMS 0x00000000a2f00000, 0x00000000a2f00000| Untracked 
|  48|0x00000000a3000000, 0x00000000a3100000, 0x00000000a3100000|100%| O|  |TAMS 0x00000000a3100000, 0x00000000a3000000| Untracked 
|  49|0x00000000a3100000, 0x00000000a3200000, 0x00000000a3200000|100%| O|  |TAMS 0x00000000a3200000, 0x00000000a3100000| Untracked 
|  50|0x00000000a3200000, 0x00000000a3300000, 0x00000000a3300000|100%| O|  |TAMS 0x00000000a3300000, 0x00000000a3200000| Untracked 
|  51|0x00000000a3300000, 0x00000000a3400000, 0x00000000a3400000|100%| O|  |TAMS 0x00000000a3400000, 0x00000000a3300000| Untracked 
|  52|0x00000000a3400000, 0x00000000a3500000, 0x00000000a3500000|100%| O|  |TAMS 0x00000000a3500000, 0x00000000a3400000| Untracked 
|  53|0x00000000a3500000, 0x00000000a3600000, 0x00000000a3600000|100%| O|  |TAMS 0x00000000a3600000, 0x00000000a3500000| Untracked 
|  54|0x00000000a3600000, 0x00000000a3700000, 0x00000000a3700000|100%| O|  |TAMS 0x00000000a3700000, 0x00000000a3600000| Untracked 
|  55|0x00000000a3700000, 0x00000000a3800000, 0x00000000a3800000|100%| O|  |TAMS 0x00000000a3800000, 0x00000000a3700000| Untracked 
|  56|0x00000000a3800000, 0x00000000a3900000, 0x00000000a3900000|100%| O|  |TAMS 0x00000000a3900000, 0x00000000a3800000| Untracked 
|  57|0x00000000a3900000, 0x00000000a3a00000, 0x00000000a3a00000|100%| O|  |TAMS 0x00000000a3a00000, 0x00000000a3900000| Untracked 
|  58|0x00000000a3a00000, 0x00000000a3b00000, 0x00000000a3b00000|100%| O|  |TAMS 0x00000000a3b00000, 0x00000000a3a00000| Untracked 
|  59|0x00000000a3b00000, 0x00000000a3c00000, 0x00000000a3c00000|100%| O|  |TAMS 0x00000000a3c00000, 0x00000000a3b00000| Untracked 
|  60|0x00000000a3c00000, 0x00000000a3d00000, 0x00000000a3d00000|100%| O|  |TAMS 0x00000000a3d00000, 0x00000000a3c00000| Untracked 
|  61|0x00000000a3d00000, 0x00000000a3e00000, 0x00000000a3e00000|100%| O|  |TAMS 0x00000000a3e00000, 0x00000000a3d00000| Untracked 
|  62|0x00000000a3e00000, 0x00000000a3f00000, 0x00000000a3f00000|100%| O|  |TAMS 0x00000000a3f00000, 0x00000000a3e00000| Untracked 
|  63|0x00000000a3f00000, 0x00000000a4000000, 0x00000000a4000000|100%| O|  |TAMS 0x00000000a4000000, 0x00000000a3f00000| Untracked 
|  64|0x00000000a4000000, 0x00000000a4100000, 0x00000000a4100000|100%| O|  |TAMS 0x00000000a4100000, 0x00000000a4000000| Untracked 
|  65|0x00000000a4100000, 0x00000000a4200000, 0x00000000a4200000|100%| O|  |TAMS 0x00000000a4200000, 0x00000000a4100000| Untracked 
|  66|0x00000000a4200000, 0x00000000a4300000, 0x00000000a4300000|100%| O|  |TAMS 0x00000000a4300000, 0x00000000a4200000| Untracked 
|  67|0x00000000a4300000, 0x00000000a4400000, 0x00000000a4400000|100%| O|  |TAMS 0x00000000a4300000, 0x00000000a4300000| Untracked 
|  68|0x00000000a4400000, 0x00000000a4500000, 0x00000000a4500000|100%| O|  |TAMS 0x00000000a4500000, 0x00000000a4400000| Untracked 
|  69|0x00000000a4500000, 0x00000000a4600000, 0x00000000a4600000|100%| O|  |TAMS 0x00000000a4600000, 0x00000000a4500000| Untracked 
|  70|0x00000000a4600000, 0x00000000a4700000, 0x00000000a4700000|100%| O|  |TAMS 0x00000000a4700000, 0x00000000a4600000| Untracked 
|  71|0x00000000a4700000, 0x00000000a4800000, 0x00000000a4800000|100%| O|  |TAMS 0x00000000a4800000, 0x00000000a4700000| Untracked 
|  72|0x00000000a4800000, 0x00000000a4900000, 0x00000000a4900000|100%| O|  |TAMS 0x00000000a4900000, 0x00000000a4800000| Untracked 
|  73|0x00000000a4900000, 0x00000000a4a00000, 0x00000000a4a00000|100%| O|  |TAMS 0x00000000a4a00000, 0x00000000a4900000| Untracked 
|  74|0x00000000a4a00000, 0x00000000a4a00000, 0x00000000a4b00000|  0%| F|  |TAMS 0x00000000a4a00000, 0x00000000a4a00000| Untracked 
|  75|0x00000000a4b00000, 0x00000000a4c00000, 0x00000000a4c00000|100%| O|  |TAMS 0x00000000a4c00000, 0x00000000a4b00000| Untracked 
|  76|0x00000000a4c00000, 0x00000000a4d00000, 0x00000000a4d00000|100%| O|  |TAMS 0x00000000a4d00000, 0x00000000a4c00000| Untracked 
|  77|0x00000000a4d00000, 0x00000000a4e00000, 0x00000000a4e00000|100%| O|  |TAMS 0x00000000a4d00000, 0x00000000a4d00000| Untracked 
|  78|0x00000000a4e00000, 0x00000000a4f00000, 0x00000000a4f00000|100%| O|  |TAMS 0x00000000a4e00000, 0x00000000a4e00000| Untracked 
|  79|0x00000000a4f00000, 0x00000000a5000000, 0x00000000a5000000|100%| O|  |TAMS 0x00000000a4f00000, 0x00000000a4f00000| Untracked 
|  80|0x00000000a5000000, 0x00000000a5100000, 0x00000000a5100000|100%| O|  |TAMS 0x00000000a5000000, 0x00000000a5000000| Untracked 
|  81|0x00000000a5100000, 0x00000000a5200000, 0x00000000a5200000|100%| O|  |TAMS 0x00000000a5100000, 0x00000000a5100000| Untracked 
|  82|0x00000000a5200000, 0x00000000a5300000, 0x00000000a5300000|100%| O|  |TAMS 0x00000000a5200000, 0x00000000a5200000| Untracked 
|  83|0x00000000a5300000, 0x00000000a5400000, 0x00000000a5400000|100%| O|  |TAMS 0x00000000a5400000, 0x00000000a5300000| Untracked 
|  84|0x00000000a5400000, 0x00000000a5500000, 0x00000000a5500000|100%| O|  |TAMS 0x00000000a5500000, 0x00000000a5400000| Untracked 
|  85|0x00000000a5500000, 0x00000000a5600000, 0x00000000a5600000|100%| O|  |TAMS 0x00000000a5600000, 0x00000000a5500000| Untracked 
|  86|0x00000000a5600000, 0x00000000a5700000, 0x00000000a5700000|100%| O|  |TAMS 0x00000000a5600000, 0x00000000a5600000| Untracked 
|  87|0x00000000a5700000, 0x00000000a5700000, 0x00000000a5800000|  0%| F|  |TAMS 0x00000000a5700000, 0x00000000a5700000| Untracked 
|  88|0x00000000a5800000, 0x00000000a5800000, 0x00000000a5900000|  0%| F|  |TAMS 0x00000000a5800000, 0x00000000a5800000| Untracked 
|  89|0x00000000a5900000, 0x00000000a5900000, 0x00000000a5a00000|  0%| F|  |TAMS 0x00000000a5900000, 0x00000000a5900000| Untracked 
|  90|0x00000000a5a00000, 0x00000000a5a00000, 0x00000000a5b00000|  0%| F|  |TAMS 0x00000000a5a00000, 0x00000000a5a00000| Untracked 
|  91|0x00000000a5b00000, 0x00000000a5b00000, 0x00000000a5c00000|  0%| F|  |TAMS 0x00000000a5b00000, 0x00000000a5b00000| Untracked 
|  92|0x00000000a5c00000, 0x00000000a5c00000, 0x00000000a5d00000|  0%| F|  |TAMS 0x00000000a5c00000, 0x00000000a5c00000| Untracked 
|  93|0x00000000a5d00000, 0x00000000a5d00000, 0x00000000a5e00000|  0%| F|  |TAMS 0x00000000a5d00000, 0x00000000a5d00000| Untracked 
|  94|0x00000000a5e00000, 0x00000000a5e00000, 0x00000000a5f00000|  0%| F|  |TAMS 0x00000000a5e00000, 0x00000000a5e00000| Untracked 
|  95|0x00000000a5f00000, 0x00000000a6000000, 0x00000000a6000000|100%| O|  |TAMS 0x00000000a6000000, 0x00000000a5f00000| Untracked 
|  96|0x00000000a6000000, 0x00000000a6100000, 0x00000000a6100000|100%| O|  |TAMS 0x00000000a6100000, 0x00000000a6000000| Untracked 
|  97|0x00000000a6100000, 0x00000000a6200000, 0x00000000a6200000|100%| O|  |TAMS 0x00000000a6200000, 0x00000000a6100000| Untracked 
|  98|0x00000000a6200000, 0x00000000a6300000, 0x00000000a6300000|100%| O|  |TAMS 0x00000000a6300000, 0x00000000a6200000| Untracked 
|  99|0x00000000a6300000, 0x00000000a6400000, 0x00000000a6400000|100%| O|  |TAMS 0x00000000a6400000, 0x00000000a6300000| Untracked 
| 100|0x00000000a6400000, 0x00000000a6500000, 0x00000000a6500000|100%| O|  |TAMS 0x00000000a6500000, 0x00000000a6400000| Untracked 
| 101|0x00000000a6500000, 0x00000000a6600000, 0x00000000a6600000|100%| O|  |TAMS 0x00000000a6600000, 0x00000000a6500000| Untracked 
| 102|0x00000000a6600000, 0x00000000a6600000, 0x00000000a6700000|  0%| F|  |TAMS 0x00000000a6600000, 0x00000000a6600000| Untracked 
| 103|0x00000000a6700000, 0x00000000a6700000, 0x00000000a6800000|  0%| F|  |TAMS 0x00000000a6700000, 0x00000000a6700000| Untracked 
| 104|0x00000000a6800000, 0x00000000a6900000, 0x00000000a6900000|100%| O|  |TAMS 0x00000000a6867600, 0x00000000a6800000| Untracked 
| 105|0x00000000a6900000, 0x00000000a6900000, 0x00000000a6a00000|  0%| F|  |TAMS 0x00000000a6900000, 0x00000000a6900000| Untracked 
| 106|0x00000000a6a00000, 0x00000000a6a00000, 0x00000000a6b00000|  0%| F|  |TAMS 0x00000000a6a00000, 0x00000000a6a00000| Untracked 
| 107|0x00000000a6b00000, 0x00000000a6b00000, 0x00000000a6c00000|  0%| F|  |TAMS 0x00000000a6b00000, 0x00000000a6b00000| Untracked 
| 108|0x00000000a6c00000, 0x00000000a6c00000, 0x00000000a6d00000|  0%| F|  |TAMS 0x00000000a6c00000, 0x00000000a6c00000| Untracked 
| 109|0x00000000a6d00000, 0x00000000a6e00000, 0x00000000a6e00000|100%| O|  |TAMS 0x00000000a6e00000, 0x00000000a6d00000| Untracked 
| 110|0x00000000a6e00000, 0x00000000a6e00000, 0x00000000a6f00000|  0%| F|  |TAMS 0x00000000a6e00000, 0x00000000a6e00000| Untracked 
| 111|0x00000000a6f00000, 0x00000000a6f00000, 0x00000000a7000000|  0%| F|  |TAMS 0x00000000a6f00000, 0x00000000a6f00000| Untracked 
| 112|0x00000000a7000000, 0x00000000a7000000, 0x00000000a7100000|  0%| F|  |TAMS 0x00000000a7000000, 0x00000000a7000000| Untracked 
| 113|0x00000000a7100000, 0x00000000a7100000, 0x00000000a7200000|  0%| F|  |TAMS 0x00000000a7100000, 0x00000000a7100000| Untracked 
| 114|0x00000000a7200000, 0x00000000a7200000, 0x00000000a7300000|  0%| F|  |TAMS 0x00000000a7200000, 0x00000000a7200000| Untracked 
| 115|0x00000000a7300000, 0x00000000a7300000, 0x00000000a7400000|  0%| F|  |TAMS 0x00000000a7300000, 0x00000000a7300000| Untracked 
| 116|0x00000000a7400000, 0x00000000a7400000, 0x00000000a7500000|  0%| F|  |TAMS 0x00000000a7400000, 0x00000000a7400000| Untracked 
| 117|0x00000000a7500000, 0x00000000a7500000, 0x00000000a7600000|  0%| F|  |TAMS 0x00000000a7500000, 0x00000000a7500000| Untracked 
| 118|0x00000000a7600000, 0x00000000a7600000, 0x00000000a7700000|  0%| F|  |TAMS 0x00000000a7600000, 0x00000000a7600000| Untracked 
| 119|0x00000000a7700000, 0x00000000a7700000, 0x00000000a7800000|  0%| F|  |TAMS 0x00000000a7700000, 0x00000000a7700000| Untracked 
| 120|0x00000000a7800000, 0x00000000a7800000, 0x00000000a7900000|  0%| F|  |TAMS 0x00000000a7800000, 0x00000000a7800000| Untracked 
| 121|0x00000000a7900000, 0x00000000a7900000, 0x00000000a7a00000|  0%| F|  |TAMS 0x00000000a7900000, 0x00000000a7900000| Untracked 
| 122|0x00000000a7a00000, 0x00000000a7a00000, 0x00000000a7b00000|  0%| F|  |TAMS 0x00000000a7a00000, 0x00000000a7a00000| Untracked 
| 123|0x00000000a7b00000, 0x00000000a7b00000, 0x00000000a7c00000|  0%| F|  |TAMS 0x00000000a7b00000, 0x00000000a7b00000| Untracked 
| 124|0x00000000a7c00000, 0x00000000a7d00000, 0x00000000a7d00000|100%| O|  |TAMS 0x00000000a7d00000, 0x00000000a7c00000| Untracked 
| 125|0x00000000a7d00000, 0x00000000a7e00000, 0x00000000a7e00000|100%| O|  |TAMS 0x00000000a7e00000, 0x00000000a7d00000| Untracked 
| 126|0x00000000a7e00000, 0x00000000a7e00000, 0x00000000a7f00000|  0%| F|  |TAMS 0x00000000a7e00000, 0x00000000a7e00000| Untracked 
| 127|0x00000000a7f00000, 0x00000000a7f00000, 0x00000000a8000000|  0%| F|  |TAMS 0x00000000a7f00000, 0x00000000a7f00000| Untracked 
| 128|0x00000000a8000000, 0x00000000a8100000, 0x00000000a8100000|100%| O|  |TAMS 0x00000000a8100000, 0x00000000a8000000| Untracked 
| 129|0x00000000a8100000, 0x00000000a8100000, 0x00000000a8200000|  0%| F|  |TAMS 0x00000000a8100000, 0x00000000a8100000| Untracked 
| 130|0x00000000a8200000, 0x00000000a8200000, 0x00000000a8300000|  0%| F|  |TAMS 0x00000000a8200000, 0x00000000a8200000| Untracked 
| 131|0x00000000a8300000, 0x00000000a8300000, 0x00000000a8400000|  0%| F|  |TAMS 0x00000000a8300000, 0x00000000a8300000| Untracked 
| 132|0x00000000a8400000, 0x00000000a8400000, 0x00000000a8500000|  0%| F|  |TAMS 0x00000000a8400000, 0x00000000a8400000| Untracked 
| 133|0x00000000a8500000, 0x00000000a8600000, 0x00000000a8600000|100%| O|  |TAMS 0x00000000a8600000, 0x00000000a8500000| Untracked 
| 134|0x00000000a8600000, 0x00000000a8700000, 0x00000000a8700000|100%| O|  |TAMS 0x00000000a8700000, 0x00000000a8600000| Untracked 
| 135|0x00000000a8700000, 0x00000000a8700000, 0x00000000a8800000|  0%| F|  |TAMS 0x00000000a8700000, 0x00000000a8700000| Untracked 
| 136|0x00000000a8800000, 0x00000000a8800000, 0x00000000a8900000|  0%| F|  |TAMS 0x00000000a8800000, 0x00000000a8800000| Untracked 
| 137|0x00000000a8900000, 0x00000000a8900000, 0x00000000a8a00000|  0%| F|  |TAMS 0x00000000a8900000, 0x00000000a8900000| Untracked 
| 138|0x00000000a8a00000, 0x00000000a8a00000, 0x00000000a8b00000|  0%| F|  |TAMS 0x00000000a8a00000, 0x00000000a8a00000| Untracked 
| 139|0x00000000a8b00000, 0x00000000a8b00000, 0x00000000a8c00000|  0%| F|  |TAMS 0x00000000a8b00000, 0x00000000a8b00000| Untracked 
| 140|0x00000000a8c00000, 0x00000000a8c00000, 0x00000000a8d00000|  0%| F|  |TAMS 0x00000000a8c00000, 0x00000000a8c00000| Untracked 
| 141|0x00000000a8d00000, 0x00000000a8d00000, 0x00000000a8e00000|  0%| F|  |TAMS 0x00000000a8d00000, 0x00000000a8d00000| Untracked 
| 142|0x00000000a8e00000, 0x00000000a8e00000, 0x00000000a8f00000|  0%| F|  |TAMS 0x00000000a8e00000, 0x00000000a8e00000| Untracked 
| 143|0x00000000a8f00000, 0x00000000a8f00000, 0x00000000a9000000|  0%| F|  |TAMS 0x00000000a8f00000, 0x00000000a8f00000| Untracked 
| 144|0x00000000a9000000, 0x00000000a9000000, 0x00000000a9100000|  0%| F|  |TAMS 0x00000000a9000000, 0x00000000a9000000| Untracked 
| 145|0x00000000a9100000, 0x00000000a9100000, 0x00000000a9200000|  0%| F|  |TAMS 0x00000000a9100000, 0x00000000a9100000| Untracked 
| 146|0x00000000a9200000, 0x00000000a9200000, 0x00000000a9300000|  0%| F|  |TAMS 0x00000000a9200000, 0x00000000a9200000| Untracked 
| 147|0x00000000a9300000, 0x00000000a9300000, 0x00000000a9400000|  0%| F|  |TAMS 0x00000000a9300000, 0x00000000a9300000| Untracked 
| 148|0x00000000a9400000, 0x00000000a9400000, 0x00000000a9500000|  0%| F|  |TAMS 0x00000000a9400000, 0x00000000a9400000| Untracked 
| 149|0x00000000a9500000, 0x00000000a9500000, 0x00000000a9600000|  0%| F|  |TAMS 0x00000000a9500000, 0x00000000a9500000| Untracked 
| 150|0x00000000a9600000, 0x00000000a9600000, 0x00000000a9700000|  0%| F|  |TAMS 0x00000000a9600000, 0x00000000a9600000| Untracked 
| 151|0x00000000a9700000, 0x00000000a9700000, 0x00000000a9800000|  0%| F|  |TAMS 0x00000000a9700000, 0x00000000a9700000| Untracked 
| 152|0x00000000a9800000, 0x00000000a9800000, 0x00000000a9900000|  0%| F|  |TAMS 0x00000000a9800000, 0x00000000a9800000| Untracked 
| 153|0x00000000a9900000, 0x00000000a9900000, 0x00000000a9a00000|  0%| F|  |TAMS 0x00000000a9900000, 0x00000000a9900000| Untracked 
| 154|0x00000000a9a00000, 0x00000000a9a00000, 0x00000000a9b00000|  0%| F|  |TAMS 0x00000000a9a00000, 0x00000000a9a00000| Untracked 
| 155|0x00000000a9b00000, 0x00000000a9b00000, 0x00000000a9c00000|  0%| F|  |TAMS 0x00000000a9b00000, 0x00000000a9b00000| Untracked 
| 156|0x00000000a9c00000, 0x00000000a9c00000, 0x00000000a9d00000|  0%| F|  |TAMS 0x00000000a9c00000, 0x00000000a9c00000| Untracked 
| 157|0x00000000a9d00000, 0x00000000a9d00000, 0x00000000a9e00000|  0%| F|  |TAMS 0x00000000a9d00000, 0x00000000a9d00000| Untracked 
| 158|0x00000000a9e00000, 0x00000000a9e00000, 0x00000000a9f00000|  0%| F|  |TAMS 0x00000000a9e00000, 0x00000000a9e00000| Untracked 
| 159|0x00000000a9f00000, 0x00000000aa000000, 0x00000000aa000000|100%| S|CS|TAMS 0x00000000a9f00000, 0x00000000a9f00000| Complete 
| 160|0x00000000aa000000, 0x00000000aa100000, 0x00000000aa100000|100%| S|CS|TAMS 0x00000000aa000000, 0x00000000aa000000| Complete 
| 161|0x00000000aa100000, 0x00000000aa200000, 0x00000000aa200000|100%| S|CS|TAMS 0x00000000aa100000, 0x00000000aa100000| Complete 
| 162|0x00000000aa200000, 0x00000000aa300000, 0x00000000aa300000|100%| S|CS|TAMS 0x00000000aa200000, 0x00000000aa200000| Complete 
| 163|0x00000000aa300000, 0x00000000aa400000, 0x00000000aa400000|100%| S|CS|TAMS 0x00000000aa300000, 0x00000000aa300000| Complete 
| 164|0x00000000aa400000, 0x00000000aa500000, 0x00000000aa500000|100%| S|CS|TAMS 0x00000000aa400000, 0x00000000aa400000| Complete 
| 165|0x00000000aa500000, 0x00000000aa600000, 0x00000000aa600000|100%| S|CS|TAMS 0x00000000aa500000, 0x00000000aa500000| Complete 
| 166|0x00000000aa600000, 0x00000000aa700000, 0x00000000aa700000|100%| S|CS|TAMS 0x00000000aa600000, 0x00000000aa600000| Complete 
| 167|0x00000000aa700000, 0x00000000aa800000, 0x00000000aa800000|100%| S|CS|TAMS 0x00000000aa700000, 0x00000000aa700000| Complete 
| 168|0x00000000aa800000, 0x00000000aa900000, 0x00000000aa900000|100%| S|CS|TAMS 0x00000000aa800000, 0x00000000aa800000| Complete 
| 169|0x00000000aa900000, 0x00000000aaa00000, 0x00000000aaa00000|100%| S|CS|TAMS 0x00000000aa900000, 0x00000000aa900000| Complete 
| 170|0x00000000aaa00000, 0x00000000aab00000, 0x00000000aab00000|100%| S|CS|TAMS 0x00000000aaa00000, 0x00000000aaa00000| Complete 
| 171|0x00000000aab00000, 0x00000000aac00000, 0x00000000aac00000|100%| S|CS|TAMS 0x00000000aab00000, 0x00000000aab00000| Complete 
| 172|0x00000000aac00000, 0x00000000aac00000, 0x00000000aad00000|  0%| F|  |TAMS 0x00000000aac00000, 0x00000000aac00000| Untracked 
| 173|0x00000000aad00000, 0x00000000aad00000, 0x00000000aae00000|  0%| F|  |TAMS 0x00000000aad00000, 0x00000000aad00000| Untracked 
| 174|0x00000000aae00000, 0x00000000aae00000, 0x00000000aaf00000|  0%| F|  |TAMS 0x00000000aae00000, 0x00000000aae00000| Untracked 
| 175|0x00000000aaf00000, 0x00000000aaf00000, 0x00000000ab000000|  0%| F|  |TAMS 0x00000000aaf00000, 0x00000000aaf00000| Untracked 
| 176|0x00000000ab000000, 0x00000000ab000000, 0x00000000ab100000|  0%| F|  |TAMS 0x00000000ab000000, 0x00000000ab000000| Untracked 
| 177|0x00000000ab100000, 0x00000000ab100000, 0x00000000ab200000|  0%| F|  |TAMS 0x00000000ab100000, 0x00000000ab100000| Untracked 
| 178|0x00000000ab200000, 0x00000000ab200000, 0x00000000ab300000|  0%| F|  |TAMS 0x00000000ab200000, 0x00000000ab200000| Untracked 
| 179|0x00000000ab300000, 0x00000000ab300000, 0x00000000ab400000|  0%| F|  |TAMS 0x00000000ab300000, 0x00000000ab300000| Untracked 
| 180|0x00000000ab400000, 0x00000000ab400000, 0x00000000ab500000|  0%| F|  |TAMS 0x00000000ab400000, 0x00000000ab400000| Untracked 
| 181|0x00000000ab500000, 0x00000000ab500000, 0x00000000ab600000|  0%| F|  |TAMS 0x00000000ab500000, 0x00000000ab500000| Untracked 
| 182|0x00000000ab600000, 0x00000000ab600000, 0x00000000ab700000|  0%| F|  |TAMS 0x00000000ab600000, 0x00000000ab600000| Untracked 
| 183|0x00000000ab700000, 0x00000000ab700000, 0x00000000ab800000|  0%| F|  |TAMS 0x00000000ab700000, 0x00000000ab700000| Untracked 
| 184|0x00000000ab800000, 0x00000000ab800000, 0x00000000ab900000|  0%| F|  |TAMS 0x00000000ab800000, 0x00000000ab800000| Untracked 
| 185|0x00000000ab900000, 0x00000000ab900000, 0x00000000aba00000|  0%| F|  |TAMS 0x00000000ab900000, 0x00000000ab900000| Untracked 
| 186|0x00000000aba00000, 0x00000000aba00000, 0x00000000abb00000|  0%| F|  |TAMS 0x00000000aba00000, 0x00000000aba00000| Untracked 
| 187|0x00000000abb00000, 0x00000000abb00000, 0x00000000abc00000|  0%| F|  |TAMS 0x00000000abb00000, 0x00000000abb00000| Untracked 
| 188|0x00000000abc00000, 0x00000000abc00000, 0x00000000abd00000|  0%| F|  |TAMS 0x00000000abc00000, 0x00000000abc00000| Untracked 
| 189|0x00000000abd00000, 0x00000000abd00000, 0x00000000abe00000|  0%| F|  |TAMS 0x00000000abd00000, 0x00000000abd00000| Untracked 
| 190|0x00000000abe00000, 0x00000000abe00000, 0x00000000abf00000|  0%| F|  |TAMS 0x00000000abe00000, 0x00000000abe00000| Untracked 
| 191|0x00000000abf00000, 0x00000000abf00000, 0x00000000ac000000|  0%| F|  |TAMS 0x00000000abf00000, 0x00000000abf00000| Untracked 
| 192|0x00000000ac000000, 0x00000000ac000000, 0x00000000ac100000|  0%| F|  |TAMS 0x00000000ac000000, 0x00000000ac000000| Untracked 
| 193|0x00000000ac100000, 0x00000000ac100000, 0x00000000ac200000|  0%| F|  |TAMS 0x00000000ac100000, 0x00000000ac100000| Untracked 
| 194|0x00000000ac200000, 0x00000000ac200000, 0x00000000ac300000|  0%| F|  |TAMS 0x00000000ac200000, 0x00000000ac200000| Untracked 
| 195|0x00000000ac300000, 0x00000000ac300000, 0x00000000ac400000|  0%| F|  |TAMS 0x00000000ac300000, 0x00000000ac300000| Untracked 
| 196|0x00000000ac400000, 0x00000000ac400000, 0x00000000ac500000|  0%| F|  |TAMS 0x00000000ac400000, 0x00000000ac400000| Untracked 
| 197|0x00000000ac500000, 0x00000000ac500000, 0x00000000ac600000|  0%| F|  |TAMS 0x00000000ac500000, 0x00000000ac500000| Untracked 
| 198|0x00000000ac600000, 0x00000000ac600000, 0x00000000ac700000|  0%| F|  |TAMS 0x00000000ac600000, 0x00000000ac600000| Untracked 
| 199|0x00000000ac700000, 0x00000000ac700000, 0x00000000ac800000|  0%| F|  |TAMS 0x00000000ac700000, 0x00000000ac700000| Untracked 
| 200|0x00000000ac800000, 0x00000000ac800000, 0x00000000ac900000|  0%| F|  |TAMS 0x00000000ac800000, 0x00000000ac800000| Untracked 
| 201|0x00000000ac900000, 0x00000000ac900000, 0x00000000aca00000|  0%| F|  |TAMS 0x00000000ac900000, 0x00000000ac900000| Untracked 
| 202|0x00000000aca00000, 0x00000000aca00000, 0x00000000acb00000|  0%| F|  |TAMS 0x00000000aca00000, 0x00000000aca00000| Untracked 
| 203|0x00000000acb00000, 0x00000000acb00000, 0x00000000acc00000|  0%| F|  |TAMS 0x00000000acb00000, 0x00000000acb00000| Untracked 
| 204|0x00000000acc00000, 0x00000000acc00000, 0x00000000acd00000|  0%| F|  |TAMS 0x00000000acc00000, 0x00000000acc00000| Untracked 
| 205|0x00000000acd00000, 0x00000000acd00000, 0x00000000ace00000|  0%| F|  |TAMS 0x00000000acd00000, 0x00000000acd00000| Untracked 
| 206|0x00000000ace00000, 0x00000000ace00000, 0x00000000acf00000|  0%| F|  |TAMS 0x00000000ace00000, 0x00000000ace00000| Untracked 
| 207|0x00000000acf00000, 0x00000000acf00000, 0x00000000ad000000|  0%| F|  |TAMS 0x00000000acf00000, 0x00000000acf00000| Untracked 
| 208|0x00000000ad000000, 0x00000000ad000000, 0x00000000ad100000|  0%| F|  |TAMS 0x00000000ad000000, 0x00000000ad000000| Untracked 
| 209|0x00000000ad100000, 0x00000000ad100000, 0x00000000ad200000|  0%| F|  |TAMS 0x00000000ad100000, 0x00000000ad100000| Untracked 
| 210|0x00000000ad200000, 0x00000000ad200000, 0x00000000ad300000|  0%| F|  |TAMS 0x00000000ad200000, 0x00000000ad200000| Untracked 
| 211|0x00000000ad300000, 0x00000000ad300000, 0x00000000ad400000|  0%| F|  |TAMS 0x00000000ad300000, 0x00000000ad300000| Untracked 
| 212|0x00000000ad400000, 0x00000000ad400000, 0x00000000ad500000|  0%| F|  |TAMS 0x00000000ad400000, 0x00000000ad400000| Untracked 
| 213|0x00000000ad500000, 0x00000000ad500000, 0x00000000ad600000|  0%| F|  |TAMS 0x00000000ad500000, 0x00000000ad500000| Untracked 
| 214|0x00000000ad600000, 0x00000000ad600000, 0x00000000ad700000|  0%| F|  |TAMS 0x00000000ad600000, 0x00000000ad600000| Untracked 
| 215|0x00000000ad700000, 0x00000000ad700000, 0x00000000ad800000|  0%| F|  |TAMS 0x00000000ad700000, 0x00000000ad700000| Untracked 
| 216|0x00000000ad800000, 0x00000000ad800000, 0x00000000ad900000|  0%| F|  |TAMS 0x00000000ad800000, 0x00000000ad800000| Untracked 
| 217|0x00000000ad900000, 0x00000000ad900000, 0x00000000ada00000|  0%| F|  |TAMS 0x00000000ad900000, 0x00000000ad900000| Untracked 
| 218|0x00000000ada00000, 0x00000000ada00000, 0x00000000adb00000|  0%| F|  |TAMS 0x00000000ada00000, 0x00000000ada00000| Untracked 
| 219|0x00000000adb00000, 0x00000000adb00000, 0x00000000adc00000|  0%| F|  |TAMS 0x00000000adb00000, 0x00000000adb00000| Untracked 
| 220|0x00000000adc00000, 0x00000000adc00000, 0x00000000add00000|  0%| F|  |TAMS 0x00000000adc00000, 0x00000000adc00000| Untracked 
| 221|0x00000000add00000, 0x00000000add00000, 0x00000000ade00000|  0%| F|  |TAMS 0x00000000add00000, 0x00000000add00000| Untracked 
| 222|0x00000000ade00000, 0x00000000ade00000, 0x00000000adf00000|  0%| F|  |TAMS 0x00000000ade00000, 0x00000000ade00000| Untracked 
| 223|0x00000000adf00000, 0x00000000adf00000, 0x00000000ae000000|  0%| F|  |TAMS 0x00000000adf00000, 0x00000000adf00000| Untracked 
| 224|0x00000000ae000000, 0x00000000ae000000, 0x00000000ae100000|  0%| F|  |TAMS 0x00000000ae000000, 0x00000000ae000000| Untracked 
| 225|0x00000000ae100000, 0x00000000ae100000, 0x00000000ae200000|  0%| F|  |TAMS 0x00000000ae100000, 0x00000000ae100000| Untracked 
| 226|0x00000000ae200000, 0x00000000ae200000, 0x00000000ae300000|  0%| F|  |TAMS 0x00000000ae200000, 0x00000000ae200000| Untracked 
| 227|0x00000000ae300000, 0x00000000ae300000, 0x00000000ae400000|  0%| F|  |TAMS 0x00000000ae300000, 0x00000000ae300000| Untracked 
| 228|0x00000000ae400000, 0x00000000ae400000, 0x00000000ae500000|  0%| F|  |TAMS 0x00000000ae400000, 0x00000000ae400000| Untracked 
| 229|0x00000000ae500000, 0x00000000ae500000, 0x00000000ae600000|  0%| F|  |TAMS 0x00000000ae500000, 0x00000000ae500000| Untracked 
| 230|0x00000000ae600000, 0x00000000ae600000, 0x00000000ae700000|  0%| F|  |TAMS 0x00000000ae600000, 0x00000000ae600000| Untracked 
| 231|0x00000000ae700000, 0x00000000ae700000, 0x00000000ae800000|  0%| F|  |TAMS 0x00000000ae700000, 0x00000000ae700000| Untracked 
| 232|0x00000000ae800000, 0x00000000ae800000, 0x00000000ae900000|  0%| F|  |TAMS 0x00000000ae800000, 0x00000000ae800000| Untracked 
| 233|0x00000000ae900000, 0x00000000ae900000, 0x00000000aea00000|  0%| F|  |TAMS 0x00000000ae900000, 0x00000000ae900000| Untracked 
| 234|0x00000000aea00000, 0x00000000aea00000, 0x00000000aeb00000|  0%| F|  |TAMS 0x00000000aea00000, 0x00000000aea00000| Untracked 
| 235|0x00000000aeb00000, 0x00000000aeb00000, 0x00000000aec00000|  0%| F|  |TAMS 0x00000000aeb00000, 0x00000000aeb00000| Untracked 
| 236|0x00000000aec00000, 0x00000000aec00000, 0x00000000aed00000|  0%| F|  |TAMS 0x00000000aec00000, 0x00000000aec00000| Untracked 
| 237|0x00000000aed00000, 0x00000000aed00000, 0x00000000aee00000|  0%| F|  |TAMS 0x00000000aed00000, 0x00000000aed00000| Untracked 
| 238|0x00000000aee00000, 0x00000000aee00000, 0x00000000aef00000|  0%| F|  |TAMS 0x00000000aee00000, 0x00000000aee00000| Untracked 
| 239|0x00000000aef00000, 0x00000000aef00000, 0x00000000af000000|  0%| F|  |TAMS 0x00000000aef00000, 0x00000000aef00000| Untracked 
| 240|0x00000000af000000, 0x00000000af000000, 0x00000000af100000|  0%| F|  |TAMS 0x00000000af000000, 0x00000000af000000| Untracked 
| 241|0x00000000af100000, 0x00000000af100000, 0x00000000af200000|  0%| F|  |TAMS 0x00000000af100000, 0x00000000af100000| Untracked 
| 242|0x00000000af200000, 0x00000000af200000, 0x00000000af300000|  0%| F|  |TAMS 0x00000000af200000, 0x00000000af200000| Untracked 
| 243|0x00000000af300000, 0x00000000af300000, 0x00000000af400000|  0%| F|  |TAMS 0x00000000af300000, 0x00000000af300000| Untracked 
| 244|0x00000000af400000, 0x00000000af400000, 0x00000000af500000|  0%| F|  |TAMS 0x00000000af400000, 0x00000000af400000| Untracked 
| 245|0x00000000af500000, 0x00000000af500000, 0x00000000af600000|  0%| F|  |TAMS 0x00000000af500000, 0x00000000af500000| Untracked 
| 246|0x00000000af600000, 0x00000000af600000, 0x00000000af700000|  0%| F|  |TAMS 0x00000000af600000, 0x00000000af600000| Untracked 
| 247|0x00000000af700000, 0x00000000af700000, 0x00000000af800000|  0%| F|  |TAMS 0x00000000af700000, 0x00000000af700000| Untracked 
| 248|0x00000000af800000, 0x00000000af800000, 0x00000000af900000|  0%| F|  |TAMS 0x00000000af800000, 0x00000000af800000| Untracked 
| 249|0x00000000af900000, 0x00000000af900000, 0x00000000afa00000|  0%| F|  |TAMS 0x00000000af900000, 0x00000000af900000| Untracked 
| 250|0x00000000afa00000, 0x00000000afa00000, 0x00000000afb00000|  0%| F|  |TAMS 0x00000000afa00000, 0x00000000afa00000| Untracked 
| 251|0x00000000afb00000, 0x00000000afb00000, 0x00000000afc00000|  0%| F|  |TAMS 0x00000000afb00000, 0x00000000afb00000| Untracked 
| 252|0x00000000afc00000, 0x00000000afc00000, 0x00000000afd00000|  0%| F|  |TAMS 0x00000000afc00000, 0x00000000afc00000| Untracked 
| 253|0x00000000afd00000, 0x00000000afd00000, 0x00000000afe00000|  0%| F|  |TAMS 0x00000000afd00000, 0x00000000afd00000| Untracked 
| 254|0x00000000afe00000, 0x00000000afe00000, 0x00000000aff00000|  0%| F|  |TAMS 0x00000000afe00000, 0x00000000afe00000| Untracked 
| 255|0x00000000aff00000, 0x00000000aff00000, 0x00000000b0000000|  0%| F|  |TAMS 0x00000000aff00000, 0x00000000aff00000| Untracked 
| 256|0x00000000b0000000, 0x00000000b0000000, 0x00000000b0100000|  0%| F|  |TAMS 0x00000000b0000000, 0x00000000b0000000| Untracked 
| 257|0x00000000b0100000, 0x00000000b0100000, 0x00000000b0200000|  0%| F|  |TAMS 0x00000000b0100000, 0x00000000b0100000| Untracked 
| 258|0x00000000b0200000, 0x00000000b0200000, 0x00000000b0300000|  0%| F|  |TAMS 0x00000000b0200000, 0x00000000b0200000| Untracked 
| 259|0x00000000b0300000, 0x00000000b0300000, 0x00000000b0400000|  0%| F|  |TAMS 0x00000000b0300000, 0x00000000b0300000| Untracked 
| 260|0x00000000b0400000, 0x00000000b0400000, 0x00000000b0500000|  0%| F|  |TAMS 0x00000000b0400000, 0x00000000b0400000| Untracked 
| 261|0x00000000b0500000, 0x00000000b0500000, 0x00000000b0600000|  0%| F|  |TAMS 0x00000000b0500000, 0x00000000b0500000| Untracked 
| 262|0x00000000b0600000, 0x00000000b0680800, 0x00000000b0700000| 50%| E|  |TAMS 0x00000000b0600000, 0x00000000b0600000| Complete 
| 263|0x00000000b0700000, 0x00000000b0800000, 0x00000000b0800000|100%| E|CS|TAMS 0x00000000b0700000, 0x00000000b0700000| Complete 
| 264|0x00000000b0800000, 0x00000000b0900000, 0x00000000b0900000|100%| E|CS|TAMS 0x00000000b0800000, 0x00000000b0800000| Complete 
| 265|0x00000000b0900000, 0x00000000b0a00000, 0x00000000b0a00000|100%| E|CS|TAMS 0x00000000b0900000, 0x00000000b0900000| Complete 
| 266|0x00000000b0a00000, 0x00000000b0b00000, 0x00000000b0b00000|100%| E|CS|TAMS 0x00000000b0a00000, 0x00000000b0a00000| Complete 
| 267|0x00000000b0b00000, 0x00000000b0c00000, 0x00000000b0c00000|100%| E|CS|TAMS 0x00000000b0b00000, 0x00000000b0b00000| Complete 
| 268|0x00000000b0c00000, 0x00000000b0d00000, 0x00000000b0d00000|100%| E|CS|TAMS 0x00000000b0c00000, 0x00000000b0c00000| Complete 
| 269|0x00000000b0d00000, 0x00000000b0e00000, 0x00000000b0e00000|100%| E|CS|TAMS 0x00000000b0d00000, 0x00000000b0d00000| Complete 
| 270|0x00000000b0e00000, 0x00000000b0f00000, 0x00000000b0f00000|100%| E|CS|TAMS 0x00000000b0e00000, 0x00000000b0e00000| Complete 
| 271|0x00000000b0f00000, 0x00000000b1000000, 0x00000000b1000000|100%| E|CS|TAMS 0x00000000b0f00000, 0x00000000b0f00000| Complete 
| 272|0x00000000b1000000, 0x00000000b1100000, 0x00000000b1100000|100%| E|CS|TAMS 0x00000000b1000000, 0x00000000b1000000| Complete 
| 273|0x00000000b1100000, 0x00000000b1200000, 0x00000000b1200000|100%| E|CS|TAMS 0x00000000b1100000, 0x00000000b1100000| Complete 
| 274|0x00000000b1200000, 0x00000000b1300000, 0x00000000b1300000|100%| E|CS|TAMS 0x00000000b1200000, 0x00000000b1200000| Complete 

Card table byte_map: [0x000001ad77720000,0x000001ad77a20000] _byte_map_base: 0x000001ad77220000

Marking Bits (Prev, Next): (CMBitMap*) 0x000001ad60055478, (CMBitMap*) 0x000001ad60055438
 Prev Bits: [0x000001ad79520000, 0x000001ad7ad20000)
 Next Bits: [0x000001ad77d20000, 0x000001ad79520000)

Polling page: 0x000001ad5e1a0000

Metaspace:

Usage:
  Non-class:     71.32 MB capacity,    69.95 MB ( 98%) used,     1.18 MB (  2%) free+waste,   194.13 KB ( <1%) overhead. 
      Class:     10.74 MB capacity,    10.12 MB ( 94%) used,   546.36 KB (  5%) free+waste,    86.19 KB ( <1%) overhead. 
       Both:     82.07 MB capacity,    80.08 MB ( 98%) used,     1.72 MB (  2%) free+waste,   280.31 KB ( <1%) overhead. 

Virtual space:
  Non-class space:       72.00 MB reserved,      71.33 MB (>99%) committed 
      Class space:        1.00 GB reserved,      10.75 MB (  1%) committed 
             Both:        1.07 GB reserved,      82.08 MB (  7%) committed 

Chunk freelists:
   Non-Class:  512 bytes
       Class:  1.13 KB
        Both:  1.63 KB

CodeHeap 'non-profiled nmethods': size=120064Kb used=9247Kb max_used=9247Kb free=110816Kb
 bounds [0x000001ad6fee0000, 0x000001ad707f0000, 0x000001ad77420000]
CodeHeap 'profiled nmethods': size=120000Kb used=26531Kb max_used=26531Kb free=93468Kb
 bounds [0x000001ad689b0000, 0x000001ad6a3c0000, 0x000001ad6fee0000]
CodeHeap 'non-nmethods': size=5696Kb used=2343Kb max_used=2395Kb free=3352Kb
 bounds [0x000001ad68420000, 0x000001ad68690000, 0x000001ad689b0000]
 total_blobs=19473 nmethods=12132 adapters=851
 compilation: enabled
              stopped_count=0, restarted_count=0
 full_count=0

Compilation events (10 events):
Event: 80.132 Thread 0x000001ad062a8000 14385       4       com.android.ide.common.blame.MergingLogPersistUtil::lambda$normalize$0 (107 bytes)
Event: 80.173 Thread 0x000001ad7db62800 14387       3       java.util.stream.FindOps$FindOp::evaluateSequential (39 bytes)
Event: 80.173 Thread 0x000001ad7db62800 nmethod 14387 0x000001ad6a3baf90 code [0x000001ad6a3bb1a0, 0x000001ad6a3bb850]
Event: 80.173 Thread 0x000001ad7db62800 14388       3       java.util.stream.FindOps$FindSink$OfRef::get (5 bytes)
Event: 80.173 Thread 0x000001ad7db62800 nmethod 14388 0x000001ad6a3bba10 code [0x000001ad6a3bbc20, 0x000001ad6a3bc1b0]
Event: 80.212 Thread 0x000001ad7db5f000 nmethod 14381 0x000001ad707e0d90 code [0x000001ad707e1200, 0x000001ad707e5b80]
Event: 80.213 Thread 0x000001ad7db5f000 14386   !   4       java.io.BufferedWriter::write (55 bytes)
Event: 80.214 Thread 0x000001ad7db5f000 nmethod 14386 0x000001ad707e8190 code [0x000001ad707e8340, 0x000001ad707e8678]
Event: 80.214 Thread 0x000001ad7db5f000 14377       4       java.nio.CharBuffer::arrayOffset (35 bytes)
Event: 80.215 Thread 0x000001ad7db5f000 nmethod 14377 0x000001ad707e8810 code [0x000001ad707e89a0, 0x000001ad707e8a58]

GC Heap History (10 events):
Event: 70.106 GC heap before
{Heap before GC invocations=59 (full 0):
 garbage-first heap   total 281600K, used 198347K [0x00000000a0000000, 0x0000000100000000)
  region size 1024K, 51 young (52224K), 2 survivors (2048K)
 Metaspace       used 80019K, capacity 81963K, committed 82128K, reserved 1120256K
  class space    used 10212K, capacity 10809K, committed 10880K, reserved 1048576K
}
Event: 70.110 GC heap after
{Heap after GC invocations=60 (full 0):
 garbage-first heap   total 281600K, used 150103K [0x00000000a0000000, 0x0000000100000000)
  region size 1024K, 4 young (4096K), 4 survivors (4096K)
 Metaspace       used 80019K, capacity 81963K, committed 82128K, reserved 1120256K
  class space    used 10212K, capacity 10809K, committed 10880K, reserved 1048576K
}
Event: 73.534 GC heap before
{Heap before GC invocations=61 (full 0):
 garbage-first heap   total 281600K, used 185943K [0x00000000a0000000, 0x0000000100000000)
  region size 1024K, 56 young (57344K), 4 survivors (4096K)
 Metaspace       used 80363K, capacity 82388K, committed 82640K, reserved 1122304K
  class space    used 10236K, capacity 10858K, committed 10880K, reserved 1048576K
}
Event: 73.543 GC heap after
{Heap after GC invocations=62 (full 0):
 garbage-first heap   total 281600K, used 133996K [0x00000000a0000000, 0x0000000100000000)
  region size 1024K, 4 young (4096K), 4 survivors (4096K)
 Metaspace       used 80363K, capacity 82388K, committed 82640K, reserved 1122304K
  class space    used 10236K, capacity 10858K, committed 10880K, reserved 1048576K
}
Event: 73.613 GC heap before
{Heap before GC invocations=62 (full 0):
 garbage-first heap   total 281600K, used 142188K [0x00000000a0000000, 0x0000000100000000)
  region size 1024K, 13 young (13312K), 4 survivors (4096K)
 Metaspace       used 80372K, capacity 82388K, committed 82640K, reserved 1122304K
  class space    used 10236K, capacity 10858K, committed 10880K, reserved 1048576K
}
Event: 73.619 GC heap after
{Heap after GC invocations=63 (full 0):
 garbage-first heap   total 281600K, used 106965K [0x00000000a0000000, 0x0000000100000000)
  region size 1024K, 1 young (1024K), 1 survivors (1024K)
 Metaspace       used 80372K, capacity 82388K, committed 82640K, reserved 1122304K
  class space    used 10236K, capacity 10858K, committed 10880K, reserved 1048576K
}
Event: 75.767 GC heap before
{Heap before GC invocations=63 (full 0):
 garbage-first heap   total 281600K, used 118229K [0x00000000a0000000, 0x0000000100000000)
  region size 1024K, 13 young (13312K), 1 survivors (1024K)
 Metaspace       used 80400K, capacity 82391K, committed 82640K, reserved 1122304K
  class space    used 10240K, capacity 10859K, committed 10880K, reserved 1048576K
}
Event: 75.774 GC heap after
{Heap after GC invocations=64 (full 0):
 garbage-first heap   total 281600K, used 101754K [0x00000000a0000000, 0x0000000100000000)
  region size 1024K, 1 young (1024K), 1 survivors (1024K)
 Metaspace       used 80400K, capacity 82391K, committed 82640K, reserved 1122304K
  class space    used 10240K, capacity 10859K, committed 10880K, reserved 1048576K
}
Event: 79.444 GC heap before
{Heap before GC invocations=64 (full 0):
 garbage-first heap   total 281600K, used 205178K [0x00000000a0000000, 0x0000000100000000)
  region size 1024K, 103 young (105472K), 1 survivors (1024K)
 Metaspace       used 81935K, capacity 83967K, committed 84048K, reserved 1122304K
  class space    used 10361K, capacity 10998K, committed 11008K, reserved 1048576K
}
Event: 79.454 GC heap after
{Heap after GC invocations=65 (full 0):
 garbage-first heap   total 281600K, used 115049K [0x00000000a0000000, 0x0000000100000000)
  region size 1024K, 13 young (13312K), 13 survivors (13312K)
 Metaspace       used 81935K, capacity 83967K, committed 84048K, reserved 1122304K
  class space    used 10361K, capacity 10998K, committed 11008K, reserved 1048576K
}

Deoptimization events (10 events):
Event: 78.738 Thread 0x000001ad00e7b800 Uncommon trap: reason=bimorphic_or_optimized_type_check action=maybe_recompile pc=0x000001ad70717eac method=com.sun.org.apache.xerces.internal.dom.CoreDocumentImpl.isKidOK(Lorg/w3c/dom/Node;Lorg/w3c/dom/Node;)Z @ 39 c2
Event: 78.741 Thread 0x000001ad00e7b800 Uncommon trap: reason=class_check action=maybe_recompile pc=0x000001ad7076e5a0 method=com.sun.org.apache.xerces.internal.dom.ElementImpl.getAttributes()Lorg/w3c/dom/NamedNodeMap; @ 8 c2
Event: 78.744 Thread 0x000001ad00e7b800 Uncommon trap: reason=unstable_if action=reinterpret pc=0x000001ad7072cd0c method=com.sun.org.apache.xerces.internal.dom.ParentNode.nodeListItem(I)Lorg/w3c/dom/Node; @ 76 c2
Event: 78.747 Thread 0x000001ad00e7b800 Uncommon trap: reason=unstable_if action=reinterpret pc=0x000001ad706215dc method=java.io.File.equals(Ljava/lang/Object;)Z @ 1 c2
Event: 78.804 Thread 0x000001ad00e7b800 Uncommon trap: reason=class_check action=maybe_recompile pc=0x000001ad7076e5a0 method=com.sun.org.apache.xerces.internal.dom.ElementImpl.getAttributes()Lorg/w3c/dom/NamedNodeMap; @ 8 c2
Event: 78.815 Thread 0x000001ad00e7b800 Uncommon trap: reason=class_check action=maybe_recompile pc=0x000001ad7076e5a0 method=com.sun.org.apache.xerces.internal.dom.ElementImpl.getAttributes()Lorg/w3c/dom/NamedNodeMap; @ 8 c2
Event: 78.832 Thread 0x000001ad00e7b800 Uncommon trap: reason=class_check action=maybe_recompile pc=0x000001ad7076e5a0 method=com.sun.org.apache.xerces.internal.dom.ElementImpl.getAttributes()Lorg/w3c/dom/NamedNodeMap; @ 8 c2
Event: 79.478 Thread 0x000001ad00e7b800 Uncommon trap: reason=unstable_if action=reinterpret pc=0x000001ad7079599c method=sun.nio.cs.UTF_8$Encoder.encodeArrayLoop(Ljava/nio/CharBuffer;Ljava/nio/ByteBuffer;)Ljava/nio/charset/CoderResult; @ 400 c2
Event: 79.749 Thread 0x000001ad00e7b800 Uncommon trap: reason=unstable_if action=reinterpret pc=0x000001ad707d1504 method=java.io.BufferedWriter.min(II)I @ 2 c2
Event: 80.105 Thread 0x000001ad00e7b800 Uncommon trap: reason=unstable_if action=reinterpret pc=0x000001ad707d0620 method=java.io.BufferedWriter.min(II)I @ 2 c2

Classes redefined (0 events):
No events

Internal exceptions (10 events):
Event: 73.098 Thread 0x000001ad7f41e000 Exception <a 'sun/nio/fs/WindowsException'{0x00000000af9ddff0}> (0x00000000af9ddff0) thrown at [t:/workspace/open/src/hotspot/share/prims/jni.cpp, line 615]
Event: 73.098 Thread 0x000001ad7f41e000 Exception <a 'sun/nio/fs/WindowsException'{0x00000000af9de188}> (0x00000000af9de188) thrown at [t:/workspace/open/src/hotspot/share/prims/jni.cpp, line 615]
Event: 73.098 Thread 0x000001ad7f41e000 Exception <a 'sun/nio/fs/WindowsException'{0x00000000af9e0018}> (0x00000000af9e0018) thrown at [t:/workspace/open/src/hotspot/share/prims/jni.cpp, line 615]
Event: 73.098 Thread 0x000001ad7f41e000 Exception <a 'sun/nio/fs/WindowsException'{0x00000000af9e01b8}> (0x00000000af9e01b8) thrown at [t:/workspace/open/src/hotspot/share/prims/jni.cpp, line 615]
Event: 73.698 Thread 0x000001ad00e7b800 Implicit null exception at 0x000001ad7057d811 to 0x000001ad7057f5fa
Event: 75.722 Thread 0x000001ad00e7b800 Exception <a 'sun/nio/fs/WindowsException'{0x00000000b0b081f8}> (0x00000000b0b081f8) thrown at [t:/workspace/open/src/hotspot/share/prims/jni.cpp, line 615]
Event: 75.725 Thread 0x000001ad00e7b800 Exception <a 'sun/nio/fs/WindowsException'{0x00000000b0b43d98}> (0x00000000b0b43d98) thrown at [t:/workspace/open/src/hotspot/share/prims/jni.cpp, line 615]
Event: 77.927 Thread 0x000001ad00e7b800 Implicit null exception at 0x000001ad7073e215 to 0x000001ad7073e446
Event: 78.677 Thread 0x000001ad00e7b800 Implicit null exception at 0x000001ad707363a8 to 0x000001ad70737266
Event: 78.747 Thread 0x000001ad00e7b800 Implicit null exception at 0x000001ad7062101c to 0x000001ad706215ca

Events (10 events):
Event: 79.749 Executing VM operation: RevokeBias done
Event: 79.749 Thread 0x000001ad00e7b800 DEOPT PACKING pc=0x000001ad707d1504 sp=0x00000058ed8fbdc0
Event: 79.749 Thread 0x000001ad00e7b800 DEOPT UNPACKING pc=0x000001ad68449baf sp=0x00000058ed8fbcf0 mode 2
Event: 80.026 Thread 0x000001ad062a8000 Thread exited: 0x000001ad062a8000
Event: 80.105 Thread 0x000001ad00e7b800 Uncommon trap: trap_request=0xffffff4d fr.pc=0x000001ad707d0620 relative=0x00000000000005c0
Event: 80.105 Executing VM operation: RevokeBias
Event: 80.105 Executing VM operation: RevokeBias done
Event: 80.105 Thread 0x000001ad00e7b800 DEOPT PACKING pc=0x000001ad707d0620 sp=0x00000058ed8fbcb0
Event: 80.105 Thread 0x000001ad00e7b800 DEOPT UNPACKING pc=0x000001ad68449baf sp=0x00000058ed8fbb78 mode 2
Event: 80.106 Thread 0x000001ad062a8000 Thread added: 0x000001ad062a8000


Dynamic libraries:
0x00007ff7d8b20000 - 0x00007ff7d8b2f000 	C:\Program Files\Java\jdk-12.0.2\bin\java.exe
0x00007ffc73500000 - 0x00007ffc736f0000 	C:\WINDOWS\SYSTEM32\ntdll.dll
0x00007ffc73140000 - 0x00007ffc731f2000 	C:\WINDOWS\System32\KERNEL32.DLL
0x00007ffc70d10000 - 0x00007ffc70fb3000 	C:\WINDOWS\System32\KERNELBASE.dll
0x00007ffc712e0000 - 0x00007ffc713da000 	C:\WINDOWS\System32\ucrtbase.dll
0x00007ffc55580000 - 0x00007ffc55596000 	C:\Program Files\Java\jdk-12.0.2\bin\VCRUNTIME140.dll
0x00007ffc547a0000 - 0x00007ffc547b8000 	C:\Program Files\Java\jdk-12.0.2\bin\jli.dll
0x00007ffc72860000 - 0x00007ffc72903000 	C:\WINDOWS\System32\ADVAPI32.dll
0x00007ffc715b0000 - 0x00007ffc7164e000 	C:\WINDOWS\System32\msvcrt.dll
0x00007ffc71df0000 - 0x00007ffc71e87000 	C:\WINDOWS\System32\sechost.dll
0x00007ffc71650000 - 0x00007ffc71770000 	C:\WINDOWS\System32\RPCRT4.dll
0x00007ffc726c0000 - 0x00007ffc72854000 	C:\WINDOWS\System32\USER32.dll
0x00007ffc61860000 - 0x00007ffc61ae5000 	C:\WINDOWS\WinSxS\amd64_microsoft.windows.common-controls_6595b64144ccf1df_6.0.18362.476_none_e6c4b11b130f2595\COMCTL32.dll
0x00007ffc713e0000 - 0x00007ffc71401000 	C:\WINDOWS\System32\win32u.dll
0x00007ffc72920000 - 0x00007ffc72c56000 	C:\WINDOWS\System32\combase.dll
0x00007ffc73200000 - 0x00007ffc73226000 	C:\WINDOWS\System32\GDI32.dll
0x00007ffc71410000 - 0x00007ffc715a4000 	C:\WINDOWS\System32\gdi32full.dll
0x00007ffc70c40000 - 0x00007ffc70cc0000 	C:\WINDOWS\System32\bcryptPrimitives.dll
0x00007ffc71070000 - 0x00007ffc7110e000 	C:\WINDOWS\System32\msvcp_win.dll
0x00007ffc6acf0000 - 0x00007ffc6acfa000 	C:\WINDOWS\SYSTEM32\VERSION.dll
0x00007ffc71950000 - 0x00007ffc7197e000 	C:\WINDOWS\System32\IMM32.DLL
0x00007ffc2f600000 - 0x00007ffc2f6aa000 	C:\Program Files\Java\jdk-12.0.2\bin\msvcp140.dll
0x00007ffc12870000 - 0x00007ffc133e7000 	C:\Program Files\Java\jdk-12.0.2\bin\server\jvm.dll
0x00007ffc72f70000 - 0x00007ffc72f78000 	C:\WINDOWS\System32\PSAPI.DLL
0x00007ffc6e180000 - 0x00007ffc6e1a4000 	C:\WINDOWS\SYSTEM32\WINMM.dll
0x00007ffc5e380000 - 0x00007ffc5e389000 	C:\WINDOWS\SYSTEM32\WSOCK32.dll
0x00007ffc73230000 - 0x00007ffc7329f000 	C:\WINDOWS\System32\WS2_32.dll
0x00007ffc6e020000 - 0x00007ffc6e04d000 	C:\WINDOWS\SYSTEM32\winmmbase.dll
0x00007ffc70cc0000 - 0x00007ffc70d0a000 	C:\WINDOWS\System32\cfgmgr32.dll
0x00007ffc703e0000 - 0x00007ffc703f1000 	C:\WINDOWS\System32\kernel.appcore.dll
0x00007ffc52f30000 - 0x00007ffc52f41000 	C:\Program Files\Java\jdk-12.0.2\bin\verify.dll
0x00007ffc5b4d0000 - 0x00007ffc5b6c4000 	C:\WINDOWS\SYSTEM32\DBGHELP.DLL
0x00007ffc59830000 - 0x00007ffc5985a000 	C:\WINDOWS\SYSTEM32\dbgcore.DLL
0x00007ffc44830000 - 0x00007ffc44856000 	C:\Program Files\Java\jdk-12.0.2\bin\java.dll
0x00007ffc51850000 - 0x00007ffc51867000 	C:\Program Files\Java\jdk-12.0.2\bin\zip.dll
0x00007ffc5f550000 - 0x00007ffc5f55a000 	C:\Program Files\Java\jdk-12.0.2\bin\jimage.dll
0x00007ffc71e90000 - 0x00007ffc72575000 	C:\WINDOWS\System32\SHELL32.dll
0x00007ffc73410000 - 0x00007ffc734b9000 	C:\WINDOWS\System32\shcore.dll
0x00007ffc70490000 - 0x00007ffc70c0e000 	C:\WINDOWS\System32\windows.storage.dll
0x00007ffc70420000 - 0x00007ffc7043f000 	C:\WINDOWS\System32\profapi.dll
0x00007ffc70440000 - 0x00007ffc7048a000 	C:\WINDOWS\System32\powrprof.dll
0x00007ffc703d0000 - 0x00007ffc703e0000 	C:\WINDOWS\System32\UMPDC.dll
0x00007ffc730e0000 - 0x00007ffc73132000 	C:\WINDOWS\System32\shlwapi.dll
0x00007ffc71170000 - 0x00007ffc71187000 	C:\WINDOWS\System32\cryptsp.dll
0x00007ffc4ca10000 - 0x00007ffc4ca29000 	C:\Program Files\Java\jdk-12.0.2\bin\net.dll
0x00007ffc62b20000 - 0x00007ffc62cf6000 	C:\WINDOWS\SYSTEM32\urlmon.dll
0x00007ffc62540000 - 0x00007ffc62630000 	C:\WINDOWS\SYSTEM32\WINHTTP.dll
0x00007ffc64110000 - 0x00007ffc643b6000 	C:\WINDOWS\SYSTEM32\iertutil.dll
0x00007ffc6fe10000 - 0x00007ffc6fe1c000 	C:\WINDOWS\SYSTEM32\CRYPTBASE.DLL
0x00007ffc6fc40000 - 0x00007ffc6fca7000 	C:\WINDOWS\system32\mswsock.dll
0x00007ffc44b00000 - 0x00007ffc44b13000 	C:\Program Files\Java\jdk-12.0.2\bin\nio.dll
0x00007ffc5e990000 - 0x00007ffc5e9ae000 	C:\Users\Davi-PC\.gradle\native\25\windows-amd64\native-platform.dll
0x00007ffc5e1d0000 - 0x00007ffc5e1d9000 	C:\Program Files\Java\jdk-12.0.2\bin\management.dll
0x00007ffc5e0d0000 - 0x00007ffc5e0dc000 	C:\Program Files\Java\jdk-12.0.2\bin\management_ext.dll
0x00007ffc6f750000 - 0x00007ffc6f783000 	C:\WINDOWS\system32\rsaenh.dll
0x00007ffc70c10000 - 0x00007ffc70c36000 	C:\WINDOWS\System32\bcrypt.dll
0x00007ffc702f0000 - 0x00007ffc70315000 	C:\WINDOWS\SYSTEM32\USERENV.dll
0x00007ffc6f950000 - 0x00007ffc6f98a000 	C:\WINDOWS\SYSTEM32\IPHLPAPI.DLL
0x00007ffc72910000 - 0x00007ffc72918000 	C:\WINDOWS\System32\NSI.dll
0x00007ffc6a000000 - 0x00007ffc6a016000 	C:\WINDOWS\SYSTEM32\dhcpcsvc6.DLL
0x00007ffc6a4e0000 - 0x00007ffc6a4fc000 	C:\WINDOWS\SYSTEM32\dhcpcsvc.DLL
0x00007ffc6f990000 - 0x00007ffc6fa5a000 	C:\WINDOWS\SYSTEM32\DNSAPI.dll
0x00007ffc5df20000 - 0x00007ffc5df2e000 	C:\Program Files\Java\jdk-12.0.2\bin\sunmscapi.dll
0x00007ffc71190000 - 0x00007ffc712d9000 	C:\WINDOWS\System32\CRYPT32.dll
0x00007ffc70400000 - 0x00007ffc70412000 	C:\WINDOWS\System32\MSASN1.dll
0x00007ffc6ff10000 - 0x00007ffc6ff36000 	C:\WINDOWS\SYSTEM32\ncrypt.dll
0x00007ffc6fed0000 - 0x00007ffc6ff0b000 	C:\WINDOWS\SYSTEM32\NTASN1.dll
0x00007ffc56190000 - 0x00007ffc561b7000 	C:\Program Files\Java\jdk-12.0.2\bin\sunec.dll
0x00007ffc5e840000 - 0x00007ffc5e84a000 	C:\Windows\System32\rasadhlp.dll
0x00007ffc69070000 - 0x00007ffc690e7000 	C:\WINDOWS\System32\fwpuclnt.dll

dbghelp: loaded successfully - version: 4.0.5 - missing functions: none
symbol engine: initialized successfully - sym options: 0x614 - pdb path: .;C:\Program Files\Java\jdk-12.0.2\bin;C:\WINDOWS\SYSTEM32;C:\WINDOWS\WinSxS\amd64_microsoft.windows.common-controls_6595b64144ccf1df_6.0.18362.476_none_e6c4b11b130f2595;C:\Program Files\Java\jdk-12.0.2\bin\server;C:\Users\Davi-PC\.gradle\native\25\windows-amd64

VM Arguments:
jvm_args: --add-opens=java.base/java.util=ALL-UNNAMED --add-opens=java.base/java.lang=ALL-UNNAMED --add-opens=java.base/java.lang.invoke=ALL-UNNAMED --add-opens=java.prefs/java.util.prefs=ALL-UNNAMED -Xmx1536m -Dfile.encoding=windows-1252 -Duser.country=US -Duser.language=en -Duser.variant 
java_command: org.gradle.launcher.daemon.bootstrap.GradleDaemon 5.1.1
java_class_path (initial): C:\Users\Davi-PC\.gradle\wrapper\dists\gradle-5.1.1-all\97z1ksx6lirer3kbvdnh7jtjg\gradle-5.1.1\lib\gradle-launcher-5.1.1.jar
Launcher Type: SUN_STANDARD

[Global flags]
     intx CICompilerCount                          = 3                                         {product} {ergonomic}
     uint ConcGCThreads                            = 1                                         {product} {ergonomic}
     uint G1ConcRefinementThreads                  = 4                                         {product} {ergonomic}
   size_t G1HeapRegionSize                         = 1048576                                   {product} {ergonomic}
    uintx GCDrainStackTargetSize                   = 64                                        {product} {ergonomic}
   size_t InitialHeapSize                          = 268435456                                 {product} {ergonomic}
   size_t MarkStackSize                            = 4194304                                   {product} {ergonomic}
   size_t MaxHeapSize                              = 1610612736                                {product} {command line}
   size_t MaxNewSize                               = 965738496                                 {product} {ergonomic}
   size_t MinHeapDeltaBytes                        = 1048576                                   {product} {ergonomic}
    uintx NonNMethodCodeHeapSize                   = 5830732                                {pd product} {ergonomic}
    uintx NonProfiledCodeHeapSize                  = 122913754                              {pd product} {ergonomic}
    uintx ProfiledCodeHeapSize                     = 122913754                              {pd product} {ergonomic}
    uintx ReservedCodeCacheSize                    = 251658240                              {pd product} {ergonomic}
     bool SegmentedCodeCache                       = true                                      {product} {ergonomic}
     bool UseCompressedClassPointers               = true                                 {lp64_product} {ergonomic}
     bool UseCompressedOops                        = true                                 {lp64_product} {ergonomic}
     bool UseG1GC                                  = true                                      {product} {ergonomic}
     bool UseLargePagesIndividualAllocation        = false                                  {pd product} {ergonomic}

Logging:
Log output configuration:
 #0: stdout all=warning uptime,level,tags
 #1: stderr all=off uptime,level,tags

Environment Variables:
JAVA_HOME=C:\Program Files\Java\jdk1.8.0_211
CLASSPATH=.;
PATH=D:\Android_sdk\emulator;C:\Windows\system32;C:\Windows;C:\Windows\System32\Wbem;C:\Windows\System32\WindowsPowerShell\v1.0\;C:\Windows\System32\OpenSSH\;C:\Program Files (x86)\Brackets\command;C:\Program Files\Git\cmd;C:\Program Files\dotnet\;C:\Program Files\Microsoft SQL Server\130\Tools\Binn\;C:\Program Files\Microsoft VS Code\bin;C:\Program Files\NVIDIA Corporation\NVIDIA NvDLISR;C:\Program Files (x86)\NVIDIA Corporation\PhysX\Common;C:\WINDOWS\system32;C:\WINDOWS;C:\WINDOWS\System32\Wbem;C:\WINDOWS\System32\WindowsPowerShell\v1.0\;C:\WINDOWS\System32\OpenSSH\;C:\ProgramData\chocolatey\bin;C:\Program Files\nodejs;C:\Program Files\nodejs\;C:\Program Files (x86)\Yarn\bin\;C:\Program Files\Java\jdk1.8.0_211\bin;D:\Android_sdk\platform-tools;C:\Program Files\PuTTY\;C:\tools\php73;C:\ProgramData\ComposerSetup\bin;C:\Users\Davi-PC\AppData\Local\GitHubDesktop\bin;C:\Users\Davi-PC\AppData\Local\atom\bin;C:\MinGW\bin;C:\Program Files\Java\jdk-12.0.2\bin;C:\Users\Davi-PC\AppData\Local\Microsoft\WindowsApps;C:\Program Files\nodejs\;C:\Users\Davi-PC\AppData\Roaming\npm;C:\Users\Davi-PC\AppData\Local\Yarn\bin;C:\Users\Davi-PC\AppData\Local\Programs\Microsoft VS Code\bin;C:\Users\Davi-PC\AppData\Roaming\Composer\vendor\bin
USERNAME=Davi-PC
OS=Windows_NT
PROCESSOR_IDENTIFIER=Intel64 Family 6 Model 158 Stepping 11, GenuineIntel



---------------  S Y S T E M  ---------------

OS: Windows 10 , 64 bit Build 18362 (10.0.18362.329)

CPU:total 4 (initial active 4) (4 cores per cpu, 1 threads per core) family 6 model 158 stepping 11, cmov, cx8, fxsr, mmx, sse, sse2, sse3, ssse3, sse4.1, sse4.2, popcnt, avx, avx2, aes, clmul, erms, 3dnowpref, lzcnt, tsc, tscinvbit, bmi1, bmi2, adx, fma

Memory: 4k page, system-wide physical 16297M (7412M free)
TotalPageFile size 18729M (AvailPageFile size 6022M)
current process WorkingSet (physical memory assigned to process): 535M, peak: 538M
current process commit charge ("private bytes"): 569M, peak: 573M

vm_info: Java HotSpot(TM) 64-Bit Server VM (12.0.2+10) for windows-amd64 JRE (12.0.2+10), built on Jul 16 2019 01:56:17 by "mach5one" with MS VC++ 15.5 (VS2017)

END.
